\BOOKMARK [3][-]{section*.1}{"Every thing possible to be believ'd is an image of truth."}{}% 1
\BOOKMARK [0][-]{section*.1}{List of Figures}{}% 2
\BOOKMARK [0][-]{section*.1}{List of Tables}{}% 3
\BOOKMARK [0][-]{section*.1}{List of Diagrams}{}% 4
\BOOKMARK [0][-]{chapter*.2}{Abstract}{}% 5
\BOOKMARK [0][-]{chapter*.3}{Declaration Of Authorship}{}% 6
\BOOKMARK [0][-]{chapter*.4}{Acknowledgements}{}% 7
\BOOKMARK [0][-]{chapter.1}{Introduction}{}% 8
\BOOKMARK [1][-]{section.1.1}{Urban development: What, Where and How to study it}{chapter.1}% 9
\BOOKMARK [1][-]{section.1.2}{Urban development: an issue in post-socialist cities}{chapter.1}% 10
\BOOKMARK [1][-]{section.1.3}{Background}{chapter.1}% 11
\BOOKMARK [1][-]{section.1.4}{Thesis Aims and Scope: Urban Complexity and Dynamics}{chapter.1}% 12
\BOOKMARK [2][-]{subsection.1.4.1}{Research Objectives}{section.1.4}% 13
\BOOKMARK [3][-]{section*.5}{RO1}{subsection.1.4.1}% 14
\BOOKMARK [3][-]{section*.6}{RO2}{subsection.1.4.1}% 15
\BOOKMARK [3][-]{section*.7}{RO3}{subsection.1.4.1}% 16
\BOOKMARK [2][-]{subsection.1.4.2}{Overall Research Question}{section.1.4}% 17
\BOOKMARK [2][-]{subsection.1.4.3}{Thesis built-in concepts}{section.1.4}% 18
\BOOKMARK [2][-]{subsection.1.4.4}{Methodology as a starting point}{section.1.4}% 19
\BOOKMARK [1][-]{section.1.5}{Contribution}{chapter.1}% 20
\BOOKMARK [1][-]{section.1.6}{Thesis Structure}{chapter.1}% 21
\BOOKMARK [0][-]{chapter.2}{Urban Development - What, How, Where and Why - Theoretical Framework}{}% 22
\BOOKMARK [1][-]{section.2.1}{Conceptual Framework}{chapter.2}% 23
\BOOKMARK [2][-]{subsection.2.1.1}{What Urban Development stands for?}{section.2.1}% 24
\BOOKMARK [2][-]{subsection.2.1.2}{An Ordinary City in a Constant State of Change}{section.2.1}% 25
\BOOKMARK [2][-]{subsection.2.1.3}{The Constitution of Urban Agency}{section.2.1}% 26
\BOOKMARK [2][-]{subsection.2.1.4}{The Morphology of Urban Decision Making}{section.2.1}% 27
\BOOKMARK [3][-]{section*.8}{Urban Planning Strategies}{subsection.2.1.4}% 28
\BOOKMARK [3][-]{section*.9}{Real Estate Bias}{subsection.2.1.4}% 29
\BOOKMARK [3][-]{section*.10}{Traces of Participation}{subsection.2.1.4}% 30
\BOOKMARK [3][-]{section*.11}{Urban Decision-making Layers}{subsection.2.1.4}% 31
\BOOKMARK [2][-]{subsection.2.1.5}{How to frame urbanity to grasp system dynamics}{section.2.1}% 32
\BOOKMARK [1][-]{section.2.2}{Epistemological Framework}{chapter.2}% 33
\BOOKMARK [2][-]{subsection.2.2.1}{ANT in analysis of urban development}{section.2.2}% 34
\BOOKMARK [2][-]{subsection.2.2.2}{Multi-Agent System for Process Simulation}{section.2.2}% 35
\BOOKMARK [1][-]{section.2.3}{Local framework}{chapter.2}% 36
\BOOKMARK [2][-]{subsection.2.3.1}{Socio-spatial Patterns of Post-socialist Cities}{section.2.3}% 37
\BOOKMARK [2][-]{subsection.2.3.2}{Post-socialist Urban Planning in Belgrade}{section.2.3}% 38
\BOOKMARK [2][-]{subsection.2.3.3}{Neighbourhood is the Local Unit}{section.2.3}% 39
\BOOKMARK [1][-]{section.2.4}{Theoretical Framework}{chapter.2}% 40
\BOOKMARK [0][-]{chapter.3}{Methodology}{}% 41
\BOOKMARK [1][-]{section.3.1}{Research Framework}{chapter.3}% 42
\BOOKMARK [2][-]{subsection.3.1.1}{Context-specific Research Questions}{section.3.1}% 43
\BOOKMARK [3][-]{section*.15}{RQ1}{subsection.3.1.1}% 44
\BOOKMARK [3][-]{section*.16}{RQ2}{subsection.3.1.1}% 45
\BOOKMARK [3][-]{section*.17}{RQ3}{subsection.3.1.1}% 46
\BOOKMARK [2][-]{subsection.3.1.2}{Research hypotheses}{section.3.1}% 47
\BOOKMARK [3][-]{section*.18}{RH1: Urban complexity}{subsection.3.1.2}% 48
\BOOKMARK [3][-]{section*.19}{RH2: Urban dynamics}{subsection.3.1.2}% 49
\BOOKMARK [3][-]{section*.20}{RH3: Urban system transitions}{subsection.3.1.2}% 50
\BOOKMARK [1][-]{section.3.2}{Research Design}{chapter.3}% 51
\BOOKMARK [2][-]{subsection.3.2.1}{Case study}{section.3.2}% 52
\BOOKMARK [2][-]{subsection.3.2.2}{Case study selection}{section.3.2}% 53
\BOOKMARK [2][-]{subsection.3.2.3}{Local Context of the Savamala Neighbourhood Case Study}{section.3.2}% 54
\BOOKMARK [1][-]{section.3.3}{Adopted Methodology}{chapter.3}% 55
\BOOKMARK [2][-]{subsection.3.3.1}{Savamala Case study - Data collection}{section.3.3}% 56
\BOOKMARK [3][-]{section*.21}{Qualitative inquiry}{subsection.3.3.1}% 57
\BOOKMARK [2][-]{subsection.3.3.2}{ANT and MAS approaches - Data analysis}{section.3.3}% 58
\BOOKMARK [3][-]{section*.27}{ANT Discourse analysis}{subsection.3.3.2}% 59
\BOOKMARK [3][-]{section*.28}{MAS Structural analysis}{subsection.3.3.2}% 60
\BOOKMARK [2][-]{subsection.3.3.3}{System Building - Data display}{section.3.3}% 61
\BOOKMARK [3][-]{section*.29}{Setting a procedure}{subsection.3.3.3}% 62
\BOOKMARK [1][-]{section.3.4}{Methodological Framework}{chapter.3}% 63
\BOOKMARK [0][-]{chapter.4}{Case study: Belgrade - Savamala}{}% 64
\BOOKMARK [1][-]{section.4.1}{The State of the Society and the Urban}{chapter.4}% 65
\BOOKMARK [2][-]{subsection.4.1.1}{The Evolution of the State Affairs}{section.4.1}% 66
\BOOKMARK [3][-]{section*.30}{Ottomans}{subsection.4.1.1}% 67
\BOOKMARK [3][-]{section*.31}{The Serbian State}{subsection.4.1.1}% 68
\BOOKMARK [3][-]{section*.33}{SFRY}{subsection.4.1.1}% 69
\BOOKMARK [3][-]{section*.35}{Post-communism}{subsection.4.1.1}% 70
\BOOKMARK [2][-]{subsection.4.1.2}{Urbanity in Serbia through the lens of the Capital}{section.4.1}% 71
\BOOKMARK [3][-]{section*.37}{Belgrade - a City in Constant Transition}{subsection.4.1.2}% 72
\BOOKMARK [3][-]{section*.43}{Belgrade Now}{subsection.4.1.2}% 73
\BOOKMARK [2][-]{subsection.4.1.3}{Savamala}{section.4.1}% 74
\BOOKMARK [3][-]{section*.45}{Contextual circumstances of Savamala's Urbanity}{subsection.4.1.3}% 75
\BOOKMARK [1][-]{section.4.2}{Stimulants and deterrents of urban decision-making tradition at the neighbourhood level}{chapter.4}% 76
\BOOKMARK [2][-]{subsection.4.2.1}{Top-down management of urban issues}{section.4.2}% 77
\BOOKMARK [2][-]{subsection.4.2.2}{Legitimacy of Interests in Transition}{section.4.2}% 78
\BOOKMARK [2][-]{subsection.4.2.3}{Network of civic engagement}{section.4.2}% 79
\BOOKMARK [2][-]{subsection.4.2.4}{Urban Decision Making in Savamala}{section.4.2}% 80
\BOOKMARK [1][-]{section.4.3}{Case Study Framework}{chapter.4}% 81
\BOOKMARK [0][-]{chapter.5}{Urban Complexity through Actor-network Theory Lens}{}% 82
\BOOKMARK [1][-]{section.5.1}{An ANT Overview of Urban Agency in Savamala}{chapter.5}% 83
\BOOKMARK [2][-]{subsection.5.1.1}{All human and non-human actors}{section.5.1}% 84
\BOOKMARK [2][-]{subsection.5.1.2}{Intermediaries and mediators}{section.5.1}% 85
\BOOKMARK [2][-]{subsection.5.1.3}{Free associations}{section.5.1}% 86
\BOOKMARK [2][-]{subsection.5.1.4}{Stabilizing and destabilizing agencies}{section.5.1}% 87
\BOOKMARK [2][-]{subsection.5.1.5}{Urban assemblages}{section.5.1}% 88
\BOOKMARK [1][-]{section.5.2}{Urban Assemblage Map}{chapter.5}% 89
\BOOKMARK [2][-]{subsection.5.2.1}{Mapping actor-network distributions in urban decision making}{section.5.2}% 90
\BOOKMARK [2][-]{subsection.5.2.2}{Mapping urban agency and social aspects}{section.5.2}% 91
\BOOKMARK [1][-]{section.5.3}{Conclusion}{chapter.5}% 92
\BOOKMARK [0][-]{chapter.6}{Re-assembling Urban Dynamics within Multi-Agent System}{}% 93
\BOOKMARK [1][-]{section.6.1}{Socio-spatial Patterns in MAS: Dynamism of Objects and Relations in Savamala}{chapter.6}% 94
\BOOKMARK [2][-]{subsection.6.1.1}{Passive contextual elements}{section.6.1}% 95
\BOOKMARK [3][-]{section*.54}{Spatial capacities}{subsection.6.1.1}% 96
\BOOKMARK [3][-]{section*.55}{Social potentials}{subsection.6.1.1}% 97
\BOOKMARK [2][-]{subsection.6.1.2}{The Assembly of Relations}{section.6.1}% 98
\BOOKMARK [3][-]{section*.56}{Urban practices}{subsection.6.1.2}% 99
\BOOKMARK [3][-]{section*.57}{Urban conflicts}{subsection.6.1.2}% 100
\BOOKMARK [1][-]{section.6.2}{Agent Preferences: Scope and Operationality}{chapter.6}% 101
\BOOKMARK [2][-]{subsection.6.2.1}{Civil and Creative Articulation of Agents}{section.6.2}% 102
\BOOKMARK [2][-]{subsection.6.2.2}{Top-down Technocratic Approach to Space}{section.6.2}% 103
\BOOKMARK [2][-]{subsection.6.2.3}{Belgrade Waterfront Whereabouts}{section.6.2}% 104
\BOOKMARK [1][-]{section.6.3}{Conclusion}{chapter.6}% 105
\BOOKMARK [0][-]{chapter.7}{Urban Processes and Cross-Pollination of Data}{}% 106
\BOOKMARK [1][-]{section.7.1}{The Body of Urban Transitions}{chapter.7}% 107
\BOOKMARK [2][-]{subsection.7.1.1}{Profiling the agents}{section.7.1}% 108
\BOOKMARK [2][-]{subsection.7.1.2}{Decision Making Layers' Scenarios as an Indicator of Urban Development Prospects}{section.7.1}% 109
\BOOKMARK [3][-]{section*.61}{Operationality of bottom-up, on-site interventions}{subsection.7.1.2}% 110
\BOOKMARK [3][-]{section*.62}{Interest-based Waterfront Future}{subsection.7.1.2}% 111
\BOOKMARK [3][-]{section*.63}{Strategies and Tactics of Urban Institutions}{subsection.7.1.2}% 112
\BOOKMARK [2][-]{subsection.7.1.3}{Resilience, Flexibility and Contradiction in Urban Processes}{section.7.1}% 113
\BOOKMARK [3][-]{section*.64}{The Practice of Maintenance}{subsection.7.1.3}% 114
\BOOKMARK [3][-]{section*.65}{System Transformation}{subsection.7.1.3}% 115
\BOOKMARK [3][-]{section*.66}{Urban Change}{subsection.7.1.3}% 116
\BOOKMARK [1][-]{section.7.2}{The MAS-ANT Diagram}{chapter.7}% 117
\BOOKMARK [1][-]{section.7.3}{Conclusion}{chapter.7}% 118
\BOOKMARK [0][-]{chapter.8}{Conclusions}{}% 119
\BOOKMARK [1][-]{section.8.1}{Conclusions related to the research framework}{chapter.8}% 120
\BOOKMARK [2][-]{subsection.8.1.1}{[..] to the research hypotheses}{section.8.1}% 121
\BOOKMARK [2][-]{subsection.8.1.2}{[..] to the research questions}{section.8.1}% 122
\BOOKMARK [2][-]{subsection.8.1.3}{[..] to the research objectives}{section.8.1}% 123
\BOOKMARK [2][-]{subsection.8.1.4}{[..] to the methodological approach}{section.8.1}% 124
\BOOKMARK [1][-]{section.8.2}{Conclusions related to the theoretical framework}{chapter.8}% 125
\BOOKMARK [2][-]{subsection.8.2.1}{Urban Development Taxonomy}{section.8.2}% 126
\BOOKMARK [2][-]{subsection.8.2.2}{Urbanity}{section.8.2}% 127
\BOOKMARK [2][-]{subsection.8.2.3}{An Ordinary City}{section.8.2}% 128
\BOOKMARK [2][-]{subsection.8.2.4}{A Post-socialist City}{section.8.2}% 129
\BOOKMARK [2][-]{subsection.8.2.5}{And in local context... [Serbia - Belgrade - Savamala]}{section.8.2}% 130
\BOOKMARK [2][-]{subsection.8.2.6}{Epistemological framework - When ANT opens doors for revisions..}{section.8.2}% 131
\BOOKMARK [1][-]{section.8.3}{Limitations of the research}{chapter.8}% 132
\BOOKMARK [1][-]{section.8.4}{Practical Implications}{chapter.8}% 133
\BOOKMARK [2][-]{subsection.8.4.1}{Data visualization}{section.8.4}% 134
\BOOKMARK [2][-]{subsection.8.4.2}{Urban Development Model}{section.8.4}% 135
\BOOKMARK [1][-]{section.8.5}{Future Prospects}{chapter.8}% 136
\BOOKMARK [1][-]{section.8.6}{scientific}{chapter.8}% 137
\BOOKMARK [1][-]{section.8.7}{legal documents}{chapter.8}% 138
\BOOKMARK [1][-]{section.8.8}{practice-based}{chapter.8}% 139
\BOOKMARK [1][-]{section.8.9}{media sources}{chapter.8}% 140
\BOOKMARK [0][-]{chapter.9}{List of Acronyms and Abbreviations}{}% 141
\BOOKMARK [0][-]{appendix.A}{Data collection}{}% 142
\BOOKMARK [1][-]{section.A.1}{Interviews}{appendix.A}% 143
\BOOKMARK [1][-]{section.A.2}{Questionnaires}{appendix.A}% 144
\BOOKMARK [1][-]{section.A.3}{Workshops}{appendix.A}% 145
\BOOKMARK [0][-]{appendix.B}{CV Marija Cvetinovic}{}% 146
\BOOKMARK [0][-]{appendix.B}{Bibliography}{}% 147
