This is pdfTeX, Version 3.14159265-2.6-1.40.15 (MiKTeX 2.9) (preloaded format=pdflatex 2015.12.9)  15 JAN 2017 23:17
entering extended mode
**"thesis outline.tex"
("thesis outline.tex"
LaTeX2e <2014/05/01>
Babel <3.9l> and hyphenation patterns for 68 languages loaded.
("C:\Program Files (x86)\MiKTeX 2.9\tex\latex\base\report.cls"
Document Class: report 2014/09/29 v1.4h Standard LaTeX document class
("C:\Program Files (x86)\MiKTeX 2.9\tex\latex\base\size11.clo"
File: size11.clo 2014/09/29 v1.4h Standard LaTeX file (size option)
)
\c@part=\count79
\c@chapter=\count80
\c@section=\count81
\c@subsection=\count82
\c@subsubsection=\count83
\c@paragraph=\count84
\c@subparagraph=\count85
\c@figure=\count86
\c@table=\count87
\abovecaptionskip=\skip41
\belowcaptionskip=\skip42
\bibindent=\dimen102
)
("C:\Program Files (x86)\MiKTeX 2.9\tex\latex\geometry\geometry.sty"
Package: geometry 2010/09/12 v5.6 Page Geometry

("C:\Program Files (x86)\MiKTeX 2.9\tex\latex\graphics\keyval.sty"
Package: keyval 2014/10/28 v1.15 key=value parser (DPC)
\KV@toks@=\toks14
)
("C:\Program Files (x86)\MiKTeX 2.9\tex\generic\oberdiek\ifpdf.sty"
Package: ifpdf 2011/01/30 v2.3 Provides the ifpdf switch (HO)
Package ifpdf Info: pdfTeX in PDF mode is detected.
)
("C:\Program Files (x86)\MiKTeX 2.9\tex\generic\oberdiek\ifvtex.sty"
Package: ifvtex 2010/03/01 v1.5 Detect VTeX and its facilities (HO)
Package ifvtex Info: VTeX not detected.
)
("C:\Program Files (x86)\MiKTeX 2.9\tex\generic\ifxetex\ifxetex.sty"
Package: ifxetex 2010/09/12 v0.6 Provides ifxetex conditional
)
\Gm@cnth=\count88
\Gm@cntv=\count89
\c@Gm@tempcnt=\count90
\Gm@bindingoffset=\dimen103
\Gm@wd@mp=\dimen104
\Gm@odd@mp=\dimen105
\Gm@even@mp=\dimen106
\Gm@layoutwidth=\dimen107
\Gm@layoutheight=\dimen108
\Gm@layouthoffset=\dimen109
\Gm@layoutvoffset=\dimen110
\Gm@dimlist=\toks15

("C:\Program Files (x86)\MiKTeX 2.9\tex\latex\geometry\geometry.cfg"))
("C:\Program Files (x86)\MiKTeX 2.9\tex\latex\appendix\appendix.sty"
Package: appendix 2009/09/02 v1.2b extra appendix facilities
\c@@pps=\count91
\c@@ppsavesec=\count92
\c@@ppsaveapp=\count93
)
("C:\Program Files (x86)\MiKTeX 2.9\tex\latex\amsmath\amsmath.sty"
Package: amsmath 2013/01/14 v2.14 AMS math features
\@mathmargin=\skip43

For additional information on amsmath, use the `?' option.
("C:\Program Files (x86)\MiKTeX 2.9\tex\latex\amsmath\amstext.sty"
Package: amstext 2000/06/29 v2.01

("C:\Program Files (x86)\MiKTeX 2.9\tex\latex\amsmath\amsgen.sty"
File: amsgen.sty 1999/11/30 v2.0
\@emptytoks=\toks16
\ex@=\dimen111
))
("C:\Program Files (x86)\MiKTeX 2.9\tex\latex\amsmath\amsbsy.sty"
Package: amsbsy 1999/11/29 v1.2d
\pmbraise@=\dimen112
)
("C:\Program Files (x86)\MiKTeX 2.9\tex\latex\amsmath\amsopn.sty"
Package: amsopn 1999/12/14 v2.01 operator names
)
\inf@bad=\count94
LaTeX Info: Redefining \frac on input line 210.
\uproot@=\count95
\leftroot@=\count96
LaTeX Info: Redefining \overline on input line 306.
\classnum@=\count97
\DOTSCASE@=\count98
LaTeX Info: Redefining \ldots on input line 378.
LaTeX Info: Redefining \dots on input line 381.
LaTeX Info: Redefining \cdots on input line 466.
\Mathstrutbox@=\box26
\strutbox@=\box27
\big@size=\dimen113
LaTeX Font Info:    Redeclaring font encoding OML on input line 566.
LaTeX Font Info:    Redeclaring font encoding OMS on input line 567.
\macc@depth=\count99
\c@MaxMatrixCols=\count100
\dotsspace@=\muskip10
\c@parentequation=\count101
\dspbrk@lvl=\count102
\tag@help=\toks17
\row@=\count103
\column@=\count104
\maxfields@=\count105
\andhelp@=\toks18
\eqnshift@=\dimen114
\alignsep@=\dimen115
\tagshift@=\dimen116
\tagwidth@=\dimen117
\totwidth@=\dimen118
\lineht@=\dimen119
\@envbody=\toks19
\multlinegap=\skip44
\multlinetaggap=\skip45
\mathdisplay@stack=\toks20
LaTeX Info: Redefining \[ on input line 2665.
LaTeX Info: Redefining \] on input line 2666.
)
("C:\Program Files (x86)\MiKTeX 2.9\tex\latex\booktabs\booktabs.sty"
Package: booktabs 2005/04/14 v1.61803 publication quality tables
\heavyrulewidth=\dimen120
\lightrulewidth=\dimen121
\cmidrulewidth=\dimen122
\belowrulesep=\dimen123
\belowbottomsep=\dimen124
\aboverulesep=\dimen125
\abovetopsep=\dimen126
\cmidrulesep=\dimen127
\cmidrulekern=\dimen128
\defaultaddspace=\dimen129
\@cmidla=\count106
\@cmidlb=\count107
\@aboverulesep=\dimen130
\@belowrulesep=\dimen131
\@thisruleclass=\count108
\@lastruleclass=\count109
\@thisrulewidth=\dimen132
)
("C:\Program Files (x86)\MiKTeX 2.9\tex\latex\threeparttable\threeparttable.sty
"
Package: threeparttable 2003/06/13  v 3.0
\@tempboxb=\box28
) ("C:\Program Files (x86)\MiKTeX 2.9\tex\latex\natbib\natbib.sty"
Package: natbib 2010/09/13 8.31b (PWD, AO)
\bibhang=\skip46
\bibsep=\skip47
LaTeX Info: Redefining \cite on input line 694.
\c@NAT@ctr=\count110
)
("C:\Program Files (x86)\MiKTeX 2.9\tex\latex\changes\changes.sty"
Package: changes 2015/04/27 v2.0.4 changes package

*** changes package 2015/04/27 v2.0.4 ***
("C:\Program Files (x86)\MiKTeX 2.9\tex\latex\xkeyval\xkeyval.sty"
Package: xkeyval 2014/12/03 v2.7a package option processing (HA)

("C:\Program Files (x86)\MiKTeX 2.9\tex\generic\xkeyval\xkeyval.tex"
("C:\Program Files (x86)\MiKTeX 2.9\tex\generic\xkeyval\xkvutils.tex"
\XKV@toks=\toks21
\XKV@tempa@toks=\toks22
)
\XKV@depth=\count111
File: xkeyval.tex 2014/12/03 v2.7a key=value parser (HA)
))
("C:\Program Files (x86)\MiKTeX 2.9\tex\latex\xifthen\xifthen.sty"
Package: xifthen 2009/04/17 v1.3 Extended ifthen features

("C:\Program Files (x86)\MiKTeX 2.9\tex\latex\misc\etex.sty"
Package: etex 2015/03/02 v2.1 eTeX basic definition package (PEB,DPC)
\et@xins=\count112
)
("C:\Program Files (x86)\MiKTeX 2.9\tex\latex\tools\calc.sty"
Package: calc 2014/10/28 v4.3 Infix arithmetic (KKT,FJ)
\calc@Acount=\count113
\calc@Bcount=\count114
\calc@Adimen=\dimen133
\calc@Bdimen=\dimen134
\calc@Askip=\skip48
\calc@Bskip=\skip49
LaTeX Info: Redefining \setlength on input line 75.
LaTeX Info: Redefining \addtolength on input line 76.
\calc@Ccount=\count115
\calc@Cskip=\skip50
)
("C:\Program Files (x86)\MiKTeX 2.9\tex\latex\base\ifthen.sty"
Package: ifthen 2014/09/29 v1.1c Standard LaTeX ifthen package (DPC)
)
("C:\Program Files (x86)\MiKTeX 2.9\tex\latex\ifmtarg\ifmtarg.sty"
Package: ifmtarg 2009/09/02 v1.2a check for an empty argument
))
changes-option 'final'
("C:\Program Files (x86)\MiKTeX 2.9\tex\latex\xcolor\xcolor.sty"
Package: xcolor 2007/01/21 v2.11 LaTeX color extensions (UK)

("C:\Program Files (x86)\MiKTeX 2.9\tex\latex\00miktex\color.cfg"
File: color.cfg 2007/01/18 v1.5 color configuration of teTeX/TeXLive
)
Package xcolor Info: Driver file: pdftex.def on input line 225.

("C:\Program Files (x86)\MiKTeX 2.9\tex\latex\pdftex-def\pdftex.def"
File: pdftex.def 2011/05/27 v0.06d Graphics/color for pdfTeX

("C:\Program Files (x86)\MiKTeX 2.9\tex\generic\oberdiek\infwarerr.sty"
Package: infwarerr 2010/04/08 v1.3 Providing info/warning/error messages (HO)
)
("C:\Program Files (x86)\MiKTeX 2.9\tex\generic\oberdiek\ltxcmds.sty"
Package: ltxcmds 2011/11/09 v1.22 LaTeX kernel commands for general use (HO)
)
\Gread@gobject=\count116
)
Package xcolor Info: Model `cmy' substituted by `cmy0' on input line 1337.
Package xcolor Info: Model `hsb' substituted by `rgb' on input line 1341.
Package xcolor Info: Model `RGB' extended on input line 1353.
Package xcolor Info: Model `HTML' substituted by `rgb' on input line 1355.
Package xcolor Info: Model `Hsb' substituted by `hsb' on input line 1356.
Package xcolor Info: Model `tHsb' substituted by `hsb' on input line 1357.
Package xcolor Info: Model `HSB' substituted by `hsb' on input line 1358.
Package xcolor Info: Model `Gray' substituted by `gray' on input line 1359.
Package xcolor Info: Model `wave' substituted by `hsb' on input line 1360.
)
("C:\Program Files (x86)\MiKTeX 2.9\tex\latex\oberdiek\pdfcolmk.sty"
Package: pdfcolmk 2008/08/11 v1.2 Color support for pdfTeX via marks (HO)
Package pdfcolmk Info: The color stack of pdfTeX >= 1.40 is used. Therefore
(pdfcolmk)             this package is not necessary and not loaded.
)
("C:\Program Files (x86)\MiKTeX 2.9\tex\latex\ulem\ulem.sty"
\UL@box=\box29
\UL@hyphenbox=\box30
\UL@skip=\skip51
\UL@hook=\toks23
\UL@height=\dimen135
\UL@pe=\count117
\UL@pixel=\dimen136
\ULC@box=\box31
Package: ulem 2012/05/18
\ULdepth=\dimen137
)
\c@Changes@AuthorCount=\count118
\c@Changes@Author=\count119
\c@Changes@AddCount=\count120
\c@Changes@DeleteCount=\count121
\c@Changes@ReplaceCount=\count122

("C:\Program Files (x86)\MiKTeX 2.9\tex\latex\truncate\truncate.sty"
Package: truncate 2001/08/20  ver 3.6
\@Trunc@RestHyph=\toks24
)
\Changes@Len@summ=\skip52
)
("C:\Program Files (x86)\MiKTeX 2.9\tex\latex\soul\soul.sty"
Package: soul 2003/11/17 v2.4 letterspacing/underlining (mf)
\SOUL@word=\toks25
\SOUL@lasttoken=\toks26
\SOUL@cmds=\toks27
\SOUL@buffer=\toks28
\SOUL@token=\toks29
\SOUL@spaceskip=\skip53
\SOUL@ttwidth=\dimen138
\SOUL@uldp=\dimen139
\SOUL@ulht=\dimen140
)
("C:\Program Files (x86)\MiKTeX 2.9\tex\latex\tocloft\tocloft.sty"
Package: tocloft 2013/05/02 v2.3f parameterised ToC, etc., typesetting
Package tocloft Info: The document has chapter divisions on input line 44.
\cftparskip=\skip54
\cftbeforetoctitleskip=\skip55
\cftaftertoctitleskip=\skip56
\cftbeforepartskip=\skip57
\cftpartnumwidth=\skip58
\cftpartindent=\skip59
\cftbeforechapskip=\skip60
\cftchapindent=\skip61
\cftchapnumwidth=\skip62
\cftbeforesecskip=\skip63
\cftsecindent=\skip64
\cftsecnumwidth=\skip65
\cftbeforesubsecskip=\skip66
\cftsubsecindent=\skip67
\cftsubsecnumwidth=\skip68
\cftbeforesubsubsecskip=\skip69
\cftsubsubsecindent=\skip70
\cftsubsubsecnumwidth=\skip71
\cftbeforeparaskip=\skip72
\cftparaindent=\skip73
\cftparanumwidth=\skip74
\cftbeforesubparaskip=\skip75
\cftsubparaindent=\skip76
\cftsubparanumwidth=\skip77
\cftbeforeloftitleskip=\skip78
\cftafterloftitleskip=\skip79
\cftbeforefigskip=\skip80
\cftfigindent=\skip81
\cftfignumwidth=\skip82
\c@lofdepth=\count123
\c@lotdepth=\count124
\cftbeforelottitleskip=\skip83
\cftafterlottitleskip=\skip84
\cftbeforetabskip=\skip85
\cfttabindent=\skip86
\cfttabnumwidth=\skip87
)
\c@Diagram=\count125
\cftbeforeDiagramskip=\skip88
\cftDiagramindent=\skip89
\cftDiagramnumwidth=\skip90
\c@exdepth=\count126
\cftbeforeextitleskip=\skip91
\cftafterextitleskip=\skip92

("thesis outline.aux")
LaTeX Font Info:    Checking defaults for OML/cmm/m/it on input line 31.
LaTeX Font Info:    ... okay on input line 31.
LaTeX Font Info:    Checking defaults for T1/cmr/m/n on input line 31.
LaTeX Font Info:    ... okay on input line 31.
LaTeX Font Info:    Checking defaults for OT1/cmr/m/n on input line 31.
LaTeX Font Info:    ... okay on input line 31.
LaTeX Font Info:    Checking defaults for OMS/cmsy/m/n on input line 31.
LaTeX Font Info:    ... okay on input line 31.
LaTeX Font Info:    Checking defaults for OMX/cmex/m/n on input line 31.
LaTeX Font Info:    ... okay on input line 31.
LaTeX Font Info:    Checking defaults for U/cmr/m/n on input line 31.
LaTeX Font Info:    ... okay on input line 31.

*geometry* driver: auto-detecting
*geometry* detected driver: pdftex
*geometry* verbose mode - [ preamble ] result:
* driver: pdftex
* paper: a4paper
* layout: <same size as paper>
* layoutoffset:(h,v)=(0.0pt,0.0pt)
* bindingoffset: 56.9055pt
* modes: 
* h-part:(L,W,R)=(56.9055pt, 426.79137pt, 56.9055pt)
* v-part:(T,H,B)=(56.9055pt, 731.23584pt, 56.9055pt)
* \paperwidth=597.50787pt
* \paperheight=845.04684pt
* \textwidth=426.79137pt
* \textheight=731.23584pt
* \oddsidemargin=41.54102pt
* \evensidemargin=-15.36449pt
* \topmargin=-52.36449pt
* \headheight=12.0pt
* \headsep=25.0pt
* \topskip=11.0pt
* \footskip=30.0pt
* \marginparwidth=59.0pt
* \marginparsep=10.0pt
* \columnsep=10.0pt
* \skip\footins=10.0pt plus 4.0pt minus 2.0pt
* \hoffset=0.0pt
* \voffset=0.0pt
* \mag=1000
* \@twocolumnfalse
* \@twosidefalse
* \@mparswitchfalse
* \@reversemarginfalse
* (1in=72.27pt=25.4mm, 1cm=28.453pt)

("C:\Program Files (x86)\MiKTeX 2.9\tex\context\base\supp-pdf.mkii"
[Loading MPS to PDF converter (version 2006.09.02).]
\scratchcounter=\count127
\scratchdimen=\dimen141
\scratchbox=\box32
\nofMPsegments=\count128
\nofMParguments=\count129
\everyMPshowfont=\toks30
\MPscratchCnt=\count130
\MPscratchDim=\dimen142
\MPnumerator=\count131
\makeMPintoPDFobject=\count132
\everyMPtoPDFconversion=\toks31
) [1

{C:/ProgramData/MiKTeX/2.9/pdftex/config/pdftex.map}]
Missing character: There is no ‚ in font cmr10!
Missing character: There is no Ä in font cmr10!
Missing character: There is no ï in font cmr10!
 [1]
("thesis outline.toc" [1] [2] [3])
\tf@toc=\write3
 [4] ("thesis outline.lof")
\tf@lof=\write4
 [5

]
("thesis outline.lot")
\tf@lot=\write5
 [6

] [7

] [8


]
LaTeX Font Info:    Try loading font information for OMS+cmr on input line 115.


("C:\Program Files (x86)\MiKTeX 2.9\tex\latex\base\omscmr.fd"
File: omscmr.fd 2014/09/29 v2.5h Standard LaTeX font definitions
)
LaTeX Font Info:    Font shape `OMS/cmr/m/n' in size <10.95> not available
(Font)              Font shape `OMS/cmsy/m/n' tried instead on input line 115.
 [9


] [10

]
Chapter 1.
Missing character: There is no √ in font cmr10!
Missing character: There is no © in font cmr10!
[1

] [2] [3] [4]
Missing character: There is no ‚ in font cmr10!
Missing character: There is no ‚ in font cmr10!
Missing character: There is no ‚ in font cmr10!
Missing character: There is no Ä in font cmr10!
Missing character: There is no ‚ in font cmr10!
Missing character: There is no Ä in font cmr10!
Missing character: There is no Ä in font cmr10!
Missing character: There is no ô in font cmr10!
Missing character: There is no Ä in font cmr10!
Missing character: There is no ô in font cmr10!
Missing character: There is no ô in font cmr10!
Missing character: There is no ô in font cmr10!
Missing character: There is no ‚ in font cmr10!
Missing character: There is no Ä in font cmr10!
Missing character: There is no ô in font cmr10!
Missing character: There is no ‚ in font cmr10!
Missing character: There is no Ä in font cmr10!
Missing character: There is no ô in font cmr10!
 [5] [6] [7] [8]
Missing character: There is no ‚ in font cmr10!
Missing character: There is no Ä in font cmr10!
Missing character: There is no ô in font cmr10!
 [9] [10]
Underfull \hbox (badness 10000) in paragraph at lines 248--251

 []

[11] [12] [13] [14]
Missing character: There is no ‚ in font cmr10!
Missing character: There is no Ä in font cmr10!
Missing character: There is no ò in font cmr10!
Missing character: There is no ‚ in font cmr10!
Missing character: There is no Ä in font cmr10!
Missing character: There is no ô in font cmr10!
 [15] [16] [17]
Chapter 2.
[18

]
Missing character: There is no ‚ in font cmr10!
Missing character: There is no Ä in font cmr10!
Missing character: There is no ò in font cmr10!
Missing character: There is no ‚ in font cmr10!
Missing character: There is no Ä in font cmr10!
Missing character: There is no ô in font cmr10!
 [19]
Missing character: There is no ‚ in font cmr10!
Missing character: There is no Ä in font cmr10!
Missing character: There is no ï in font cmr10!
Missing character: There is no ‚ in font cmr10!
Missing character: There is no Ä in font cmr10!
Missing character: There is no ñ in font cmr10!
Missing character: There is no ¬ in font cmr10!
Missing character: There is no ≠ in font cmr10!
 [20]
Missing character: There is no ‚ in font cmr10!
Missing character: There is no Ä in font cmr10!
Missing character: There is no ú in font cmr10!
Missing character: There is no ‚ in font cmr10!
Missing character: There is no Ä in font cmr10!
Missing character: There is no ù in font cmr10!
Missing character: There is no ‚ in font cmr10!
Missing character: There is no Ä in font cmr10!
Missing character: There is no ú in font cmr10!
Missing character: There is no ‚ in font cmr10!
Missing character: There is no Ä in font cmr10!
Missing character: There is no ù in font cmr10!
Missing character: There is no ‚ in font cmr10!
Missing character: There is no Ä in font cmr10!
Missing character: There is no ò in font cmr10!
Missing character: There is no ‚ in font cmr10!
Missing character: There is no Ä in font cmr10!
Missing character: There is no ô in font cmr10!
 [21]
Missing character: There is no ‚ in font cmr10!
Missing character: There is no Ä in font cmr10!
Missing character: There is no ú in font cmr10!
Missing character: There is no ‚ in font cmr10!
Missing character: There is no Ä in font cmr10!
Missing character: There is no ù in font cmr10!
Missing character: There is no Ô in font cmr10!
Missing character: There is no ¨ in font cmr10!
Missing character: There is no Ç in font cmr10!
Missing character: There is no ‚ in font cmr10!
Missing character: There is no Ä in font cmr10!
Missing character: There is no ú in font cmr10!
Missing character: There is no ‚ in font cmr10!
Missing character: There is no Ä in font cmr10!
Missing character: There is no ù in font cmr10!
Missing character: There is no Ô in font cmr10!
Missing character: There is no ¨ in font cmr10!
Missing character: There is no Å in font cmr10!
Missing character: There is no ¬ in font cmr10!
Missing character: There is no ∏ in font cmr10!
Missing character: There is no ‚ in font cmr10!
Missing character: There is no Ä in font cmr10!
Missing character: There is no ú in font cmr10!
Missing character: There is no ‚ in font cmr10!
Missing character: There is no Ä in font cmr10!
Missing character: There is no ù in font cmr10!
Missing character: There is no Ô in font cmr10!
Missing character: There is no ¨ in font cmr10!
Missing character: There is no Ç in font cmr10!
Missing character: There is no ‚ in font cmr10!
Missing character: There is no Ä in font cmr10!
Missing character: There is no ú in font cmr10!
Missing character: There is no ‚ in font cmr10!
Missing character: There is no Ä in font cmr10!
Missing character: There is no ù in font cmr10!
Missing character: There is no Ô in font cmr10!
Missing character: There is no ¨ in font cmr10!
Missing character: There is no Å in font cmr10!
Missing character: There is no ‚ in font cmr10!
Missing character: There is no Ä in font cmr10!
Missing character: There is no ú in font cmr10!
Missing character: There is no ‚ in font cmr10!
Missing character: There is no Ä in font cmr10!
Missing character: There is no ù in font cmr10!
 [22]
Missing character: There is no Ô in font cmr10!
Missing character: There is no ¨ in font cmr10!
Missing character: There is no Å in font cmr10!

Overfull \hbox (12.27376pt too wide) in paragraph at lines 476--482
\OT1/cmr/m/n/10.95 tic/Professional/Expert knowl-edge - can tran-scend over spa
ce and time Steer-ing/Institutional
 []

Missing character: There is no ‚ in font cmr10!
Missing character: There is no Ä in font cmr10!
Missing character: There is no ò in font cmr10!
Missing character: There is no ‚ in font cmr10!
Missing character: There is no Ä in font cmr10!
Missing character: There is no ô in font cmr10!
Missing character: There is no Ô in font cmr10!
Missing character: There is no ¨ in font cmr10!
Missing character: There is no Å in font cmr10!
Missing character: There is no Ô in font cmr10!
Missing character: There is no ¨ in font cmr10!
Missing character: There is no Å in font cmr10!
[23]
Missing character: There is no ‚ in font cmbx10!
Missing character: There is no Ä in font cmbx10!
Missing character: There is no ò in font cmbx10!
Missing character: There is no ‚ in font cmbx10!
Missing character: There is no Ä in font cmbx10!
Missing character: There is no ô in font cmbx10!
Missing character: There is no Ô in font cmbx10!
Missing character: There is no ¨ in font cmbx10!
Missing character: There is no Å in font cmbx10!
Missing character: There is no ‚ in font cmr10!
Missing character: There is no Ä in font cmr10!
Missing character: There is no ï in font cmr10!
Missing character: There is no ‚ in font cmr10!
Missing character: There is no Ä in font cmr10!
Missing character: There is no ñ in font cmr10!
Missing character: There is no ‚ in font cmr10!
Missing character: There is no Ä in font cmr10!
Missing character: There is no ï in font cmr10!
Missing character: There is no ‚ in font cmr10!
Missing character: There is no Ä in font cmr10!
Missing character: There is no ñ in font cmr10!
Missing character: There is no ‚ in font cmr10!
Missing character: There is no Ä in font cmr10!
Missing character: There is no ò in font cmr10!
Missing character: There is no ‚ in font cmr10!
Missing character: There is no Ä in font cmr10!
Missing character: There is no ï in font cmr10!
Missing character: There is no ‚ in font cmr10!
Missing character: There is no Ä in font cmr10!
Missing character: There is no ñ in font cmr10!
Missing character: There is no ‚ in font cmr10!
Missing character: There is no Ä in font cmr10!
Missing character: There is no ï in font cmr10!
Missing character: There is no ‚ in font cmr10!
Missing character: There is no Ä in font cmr10!
Missing character: There is no ñ in font cmr10!
Missing character: There is no ‚ in font cmr10!
Missing character: There is no Ä in font cmr10!
Missing character: There is no ò in font cmr10!
 [24]
Missing character: There is no ¬ in font cmr10!
Missing character: There is no ≠ in font cmr10!
Missing character: There is no √ in font cmr10!
Missing character: There is no ≠ in font cmr10!
Missing character: There is no ‚ in font cmr10!
Missing character: There is no Ä in font cmr10!
Missing character: There is no ò in font cmr10!
Missing character: There is no ‚ in font cmr10!
Missing character: There is no Ä in font cmr10!
Missing character: There is no ô in font cmr10!
Missing character: There is no ‚ in font cmr10!
Missing character: There is no Ä in font cmr10!
Missing character: There is no ò in font cmr10!
Missing character: There is no ‚ in font cmr10!
Missing character: There is no Ä in font cmr10!
Missing character: There is no ô in font cmr10!
 [25]
Missing character: There is no ‚ in font cmr10!
Missing character: There is no Ä in font cmr10!
Missing character: There is no ò in font cmr10!
Missing character: There is no ‚ in font cmr10!
Missing character: There is no Ä in font cmr10!
Missing character: There is no ô in font cmr10!
 [26]
Missing character: There is no ‚ in font cmr10!
Missing character: There is no Ä in font cmr10!
Missing character: There is no ò in font cmr10!
Missing character: There is no ‚ in font cmr10!
Missing character: There is no Ä in font cmr10!
Missing character: There is no ô in font cmr10!
Missing character: There is no Ô in font cmr10!
Missing character: There is no ¨ in font cmr10!
Missing character: There is no Å in font cmr10!
Missing character: There is no ‚ in font cmr10!
Missing character: There is no Ä in font cmr10!
Missing character: There is no ô in font cmr10!
Missing character: There is no ¬ in font cmr10!
Missing character: There is no ≠ in font cmr10!
Missing character: There is no ‚ in font cmr10!
Missing character: There is no Ä in font cmr10!
Missing character: There is no ô in font cmr10!
 [27]
Missing character: There is no ‚ in font cmr10!
Missing character: There is no Ä in font cmr10!
Missing character: There is no ô in font cmr10!
 [28]
Missing character: There is no ‚ in font cmr10!
Missing character: There is no Ä in font cmr10!
Missing character: There is no ú in font cmr10!
Missing character: There is no ‚ in font cmr10!
Missing character: There is no Ä in font cmr10!
Missing character: There is no ù in font cmr10!


Package natbib Warning: Citation `Lehrer and Laidley 2008' on page 29 undefined
 on input line 700.

[29]
Missing character: There is no ‚ in font cmr10!
Missing character: There is no Ä in font cmr10!
Missing character: There is no ò in font cmr10!
Missing character: There is no ‚ in font cmr10!
Missing character: There is no Ä in font cmr10!
Missing character: There is no ô in font cmr10!
Missing character: There is no ‚ in font cmr10!
Missing character: There is no Ä in font cmr10!
Missing character: There is no ò in font cmr10!
Missing character: There is no ‚ in font cmr10!
Missing character: There is no Ä in font cmr10!
Missing character: There is no ô in font cmr10!
Missing character: There is no ‚ in font cmr10!
Missing character: There is no Ä in font cmr10!
Missing character: There is no ò in font cmr10!
Missing character: There is no ‚ in font cmr10!
Missing character: There is no Ä in font cmr10!
Missing character: There is no ô in font cmr10!
Missing character: There is no ≈ in font cmr10!
Missing character: There is no ° in font cmr10!
Missing character: There is no ƒ in font cmr10!
Missing character: There is no á in font cmr10!
Missing character: There is no ƒ in font cmr10!
Missing character: There is no ê in font cmr10!
Missing character: There is no ƒ in font cmr10!
Missing character: There is no á in font cmr10!
Missing character: There is no ¬ in font cmr10!
Missing character: There is no ¥ in font cmr10!
Missing character: There is no ¬ in font cmr10!
Missing character: There is no ¥ in font cmr10!
Missing character: There is no ‚ in font cmr10!
Missing character: There is no Ä in font cmr10!
Missing character: There is no ú in font cmr10!
Missing character: There is no ‚ in font cmr10!
Missing character: There is no Ä in font cmr10!
Missing character: There is no ù in font cmr10!
Missing character: There is no ¬ in font cmr10!
Missing character: There is no ¥ in font cmr10!
Missing character: There is no ‚ in font cmr10!
Missing character: There is no Ä in font cmr10!
Missing character: There is no ¢ in font cmr10!
Missing character: There is no Ô in font cmr10!
Missing character: There is no ¨ in font cmr10!
Missing character: There is no Å in font cmr10!
Missing character: There is no Ô in font cmr10!
Missing character: There is no ¨ in font cmr10!
Missing character: There is no Å in font cmr10!
Missing character: There is no ‚ in font cmr10!
Missing character: There is no Ä in font cmr10!
Missing character: There is no ¢ in font cmr10!
Missing character: There is no ‚ in font cmr10!
Missing character: There is no Ä in font cmr10!
Missing character: There is no ¢ in font cmr10!
 [30]
Missing character: There is no Ô in font cmr10!
Missing character: There is no ¨ in font cmr10!
Missing character: There is no Å in font cmr10!
Missing character: There is no ‚ in font cmr10!
Missing character: There is no Ä in font cmr10!
Missing character: There is no î in font cmr10!
Missing character: There is no ‚ in font cmr10!
Missing character: There is no Ä in font cmr10!
Missing character: There is no ú in font cmr10!
Missing character: There is no ‚ in font cmr10!
Missing character: There is no Ä in font cmr10!
Missing character: There is no ù in font cmr10!
Missing character: There is no ‚ in font cmr10!
Missing character: There is no Ä in font cmr10!
Missing character: There is no î in font cmr10!
Missing character: There is no ‚ in font cmr10!
Missing character: There is no Ä in font cmr10!
Missing character: There is no î in font cmr10!
Missing character: There is no ‚ in font cmr10!
Missing character: There is no Ä in font cmr10!
Missing character: There is no ú in font cmr10!
Missing character: There is no ‚ in font cmr10!
Missing character: There is no Ä in font cmr10!
Missing character: There is no ù in font cmr10!
Missing character: There is no ‚ in font cmr10!
Missing character: There is no Ä in font cmr10!
Missing character: There is no ò in font cmr10!
 [31]
Missing character: There is no Ô in font cmr10!
Missing character: There is no ¨ in font cmr10!
Missing character: There is no Å in font cmr10!
Missing character: There is no ‚ in font cmr10!
Missing character: There is no Ä in font cmr10!
Missing character: There is no ú in font cmr10!
Missing character: There is no ‚ in font cmr10!
Missing character: There is no Ä in font cmr10!
Missing character: There is no ù in font cmr10!
Missing character: There is no ‚ in font cmr10!
Missing character: There is no Ä in font cmr10!
Missing character: There is no ì in font cmr10!
Missing character: There is no ‚ in font cmr10!
Missing character: There is no Ä in font cmr10!
Missing character: There is no ú in font cmr10!
Missing character: There is no ‚ in font cmr10!
Missing character: There is no Ä in font cmr10!
Missing character: There is no ù in font cmr10!
Missing character: There is no ‚ in font cmr10!
Missing character: There is no Ä in font cmr10!
Missing character: There is no ú in font cmr10!
Missing character: There is no ‚ in font cmr10!
Missing character: There is no Ä in font cmr10!
Missing character: There is no ù in font cmr10!
Missing character: There is no ‚ in font cmr10!
Missing character: There is no Ä in font cmr10!
Missing character: There is no ú in font cmr10!
Missing character: There is no ‚ in font cmr10!
Missing character: There is no Ä in font cmr10!
Missing character: There is no ù in font cmr10!
Missing character: There is no √ in font cmr10!
Missing character: There is no º in font cmr10!
Missing character: There is no ‚ in font cmr10!
Missing character: There is no Ä in font cmr10!
Missing character: There is no ú in font cmr10!
Missing character: There is no ‚ in font cmr10!
Missing character: There is no Ä in font cmr10!
Missing character: There is no ù in font cmr10!
Missing character: There is no ‚ in font cmr10!
Missing character: There is no Ä in font cmr10!
Missing character: There is no ú in font cmr10!
Missing character: There is no ‚ in font cmr10!
Missing character: There is no Ä in font cmr10!
Missing character: There is no ù in font cmr10!
Missing character: There is no √ in font cmr10!
Missing character: There is no § in font cmr10!
Missing character: There is no √ in font cmr10!
Missing character: There is no © in font cmr10!
Missing character: There is no ‚ in font cmr10!
Missing character: There is no Ä in font cmr10!
Missing character: There is no ú in font cmr10!
Missing character: There is no ‚ in font cmr10!
Missing character: There is no Ä in font cmr10!
Missing character: There is no ù in font cmr10!
Missing character: There is no √ in font cmr10!
Missing character: There is no º in font cmr10!
Missing character: There is no √ in font cmr10!
Missing character: There is no º in font cmr10!
Missing character: There is no √ in font cmr10!
Missing character: There is no º in font cmr10!
Missing character: There is no ‚ in font cmr10!
Missing character: There is no Ä in font cmr10!
Missing character: There is no ú in font cmr10!
Missing character: There is no ‚ in font cmr10!
Missing character: There is no Ä in font cmr10!
Missing character: There is no ù in font cmr10!
Missing character: There is no ‚ in font cmr10!
Missing character: There is no Ä in font cmr10!
Missing character: There is no ú in font cmr10!
Missing character: There is no ‚ in font cmr10!
Missing character: There is no Ä in font cmr10!
Missing character: There is no ù in font cmr10!
Missing character: There is no ‚ in font cmr10!
Missing character: There is no Ä in font cmr10!
Missing character: There is no ì in font cmr10!
Missing character: There is no √ in font cmr10!
Missing character: There is no ∂ in font cmr10!
 [32] [33]
Missing character: There is no ¬ in font cmr10!
Missing character: There is no ≠ in font cmr10!
Missing character: There is no ‚ in font cmr10!
Missing character: There is no Ä in font cmr10!
Missing character: There is no ì in font cmr10!
Missing character: There is no ‚ in font cmr10!
Missing character: There is no Ä in font cmr10!
Missing character: There is no ì in font cmr10!
Missing character: There is no ‚ in font cmr10!
Missing character: There is no Ä in font cmr10!
Missing character: There is no ì in font cmr10!
Missing character: There is no ‚ in font cmr10!
Missing character: There is no Ä in font cmr10!
Missing character: There is no ì in font cmr10!
 [34]
Missing character: There is no ‚ in font cmr10!
Missing character: There is no Ä in font cmr10!
Missing character: There is no ì in font cmr10!


Package natbib Warning: Citation `Coleman 1988' on page 35 undefined on input l
ine 842.

Missing character: There is no Ô in font cmr10!
Missing character: There is no ¨ in font cmr10!
Missing character: There is no Ç in font cmr10!
Missing character: There is no ‚ in font cmr10!
Missing character: There is no Ä in font cmr10!
Missing character: There is no ú in font cmr10!
Missing character: There is no ‚ in font cmr10!
Missing character: There is no Ä in font cmr10!
Missing character: There is no ù in font cmr10!
Missing character: There is no √ in font cmr10!
Missing character: There is no ≠ in font cmr10!
Missing character: There is no ‚ in font cmr10!
Missing character: There is no Ä in font cmr10!
Missing character: There is no ú in font cmr10!
Missing character: There is no ‚ in font cmr10!
Missing character: There is no Ä in font cmr10!
Missing character: There is no ù in font cmr10!
[35]
Missing character: There is no Ô in font cmr10!
Missing character: There is no ¨ in font cmr10!
Missing character: There is no Ç in font cmr10!
Missing character: There is no ‚ in font cmr10!
Missing character: There is no Ä in font cmr10!
Missing character: There is no ô in font cmr10!
Missing character: There is no √ in font cmr10!
Missing character: There is no ≠ in font cmr10!
Missing character: There is no ‚ in font cmr10!
Missing character: There is no Ä in font cmr10!
Missing character: There is no ô in font cmr10!
Missing character: There is no ‚ in font cmr10!
Missing character: There is no Ä in font cmr10!
Missing character: There is no ù in font cmr10!
Missing character: There is no ‚ in font cmr10!
Missing character: There is no Ä in font cmr10!
Missing character: There is no ì in font cmr10!
Missing character: There is no ‚ in font cmr10!
Missing character: There is no Ä in font cmr10!
Missing character: There is no ò in font cmr10!
Missing character: There is no ‚ in font cmr10!
Missing character: There is no Ä in font cmr10!
Missing character: There is no ú in font cmr10!
Missing character: There is no ‚ in font cmr10!
Missing character: There is no Ä in font cmr10!
Missing character: There is no ù in font cmr10!
Missing character: There is no ‚ in font cmr10!
Missing character: There is no Ä in font cmr10!
Missing character: There is no ô in font cmr10!
Missing character: There is no ‚ in font cmr10!
Missing character: There is no Ä in font cmr10!
Missing character: There is no ì in font cmr10!
Missing character: There is no – in font cmr10!
Missing character: There is no æ in font cmr10!
Missing character: There is no ‚ in font cmr10!
Missing character: There is no Ä in font cmr10!
Missing character: There is no ò in font cmr10!
Missing character: There is no ‚ in font cmr10!
Missing character: There is no Ä in font cmr10!
Missing character: There is no ô in font cmr10!
Missing character: There is no ‚ in font cmr10!
Missing character: There is no Ä in font cmr10!
Missing character: There is no ô in font cmr10!
Missing character: There is no ‚ in font cmr10!
Missing character: There is no Ä in font cmr10!
Missing character: There is no ô in font cmr10!
Missing character: There is no ‚ in font cmr10!
Missing character: There is no Ä in font cmr10!
Missing character: There is no ò in font cmr10!
Missing character: There is no ‚ in font cmr10!
Missing character: There is no Ä in font cmr10!
Missing character: There is no ô in font cmr10!
Missing character: There is no ‚ in font cmr10!
Missing character: There is no Ä in font cmr10!
Missing character: There is no ô in font cmr10!
Missing character: There is no ‚ in font cmr10!
Missing character: There is no Ä in font cmr10!
Missing character: There is no ú in font cmr10!
Missing character: There is no ‚ in font cmr10!
Missing character: There is no Ä in font cmr10!
Missing character: There is no ù in font cmr10!
Missing character: There is no √ in font cmr10!
Missing character: There is no ≠ in font cmr10!
Missing character: There is no √ in font cmr10!
Missing character: There is no º in font cmr10!
Missing character: There is no ‚ in font cmr10!
Missing character: There is no Ä in font cmr10!
Missing character: There is no ò in font cmr10!
Missing character: There is no ‚ in font cmr10!
Missing character: There is no Ä in font cmr10!
Missing character: There is no ô in font cmr10!
Missing character: There is no ƒ in font cmr10!
Missing character: There is no á in font cmr10!
Missing character: There is no ƒ in font cmr10!
Missing character: There is no á in font cmr10!
 [36] [37] [38] [39]
Missing character: There is no ‚ in font cmr10!
Missing character: There is no Ä in font cmr10!
Missing character: There is no ú in font cmr10!
Missing character: There is no Ô in font cmr10!
Missing character: There is no ¨ in font cmr10!
Missing character: There is no Ç in font cmr10!
Missing character: There is no ‚ in font cmr10!
Missing character: There is no Ä in font cmr10!
Missing character: There is no ù in font cmr10!
Missing character: There is no ‚ in font cmr10!
Missing character: There is no Ä in font cmr10!
Missing character: There is no ì in font cmr10!
Missing character: There is no ‚ in font cmr10!
Missing character: There is no Ä in font cmr10!
Missing character: There is no ô in font cmr10!
 [40]
Overfull \hbox (0.2327pt too wide) in paragraph at lines 921--928
[]\OT1/cmr/m/n/10.95 ex[]-[]pert[] [][][]ques[]-[]tion[]-[]naire[] [][][]post[]
-[]so[]-[]cial[]-[]ist Q17 \OT1/cmr/bx/n/10.95 so-cial as-pects \OT1/cmr/m/n/10
.95 de-mo-graphic move-ments and struc-
 []

Missing character: There is no ‚ in font cmr10!
Missing character: There is no Ä in font cmr10!
Missing character: There is no ô in font cmr10!
Missing character: There is no ‚ in font cmr10!
Missing character: There is no Ä in font cmr10!
Missing character: There is no ô in font cmr10!
Missing character: There is no ƒ in font cmr10!
Missing character: There is no á in font cmr10!
Missing character: There is no ≈ in font cmr10!
Missing character: There is no ° in font cmr10!
Missing character: There is no ƒ in font cmr10!
Missing character: There is no á in font cmr10!
Missing character: There is no ‚ in font cmr10!
Missing character: There is no Ä in font cmr10!
Missing character: There is no ú in font cmr10!
Missing character: There is no ‚ in font cmr10!
Missing character: There is no Ä in font cmr10!
Missing character: There is no ù in font cmr10!
Missing character: There is no ‚ in font cmr10!
Missing character: There is no Ä in font cmr10!
Missing character: There is no ú in font cmr10!
Missing character: There is no ‚ in font cmr10!
Missing character: There is no Ä in font cmr10!
Missing character: There is no ù in font cmr10!
Missing character: There is no ƒ in font cmr10!
Missing character: There is no ç in font cmr10!
Missing character: There is no ƒ in font cmr10!
Missing character: There is no á in font cmr10!
[41]
Missing character: There is no Ô in font cmr10!
Missing character: There is no ¨ in font cmr10!
Missing character: There is no Å in font cmr10!
Missing character: There is no ‚ in font cmr10!
Missing character: There is no Ä in font cmr10!
Missing character: There is no î in font cmr10!
Missing character: There is no ‚ in font cmr10!
Missing character: There is no Ä in font cmr10!
Missing character: There is no ú in font cmr10!
Missing character: There is no ‚ in font cmr10!
Missing character: There is no Ä in font cmr10!
Missing character: There is no ù in font cmr10!
Missing character: There is no ‚ in font cmr10!
Missing character: There is no Ä in font cmr10!
Missing character: There is no î in font cmr10!
Missing character: There is no ‚ in font cmr10!
Missing character: There is no Ä in font cmr10!
Missing character: There is no î in font cmr10!
Missing character: There is no ‚ in font cmr10!
Missing character: There is no Ä in font cmr10!
Missing character: There is no ú in font cmr10!
Missing character: There is no ‚ in font cmr10!
Missing character: There is no Ä in font cmr10!
Missing character: There is no ù in font cmr10!
Missing character: There is no ≈ in font cmr10!
Missing character: There is no ° in font cmr10!
Missing character: There is no ƒ in font cmr10!
Missing character: There is no á in font cmr10!
Missing character: There is no ƒ in font cmr10!
Missing character: There is no á in font cmr10!
Missing character: There is no ƒ in font cmr10!
Missing character: There is no á in font cmr10!
 [42] [43] [44]
Chapter 3.
[45

] [46] [47] [48] [49] [50] [51] [52] [53]
Missing character: There is no ‚ in font cmbx10!
Missing character: There is no Ä in font cmbx10!
Missing character: There is no ò in font cmbx10!
Missing character: There is no ‚ in font cmbx10!
Missing character: There is no Ä in font cmbx10!
Missing character: There is no ô in font cmbx10!
 [54] [55] [56]
Missing character: There is no ‚ in font cmr10!
Missing character: There is no Ä in font cmr10!
Missing character: There is no ò in font cmr10!
Missing character: There is no ‚ in font cmr10!
Missing character: There is no Ä in font cmr10!
Missing character: There is no ô in font cmr10!
 [57] [58] [59]
[60]
Missing character: There is no ‚ in font cmr10!
Missing character: There is no Ä in font cmr10!
Missing character: There is no ò in font cmr10!
Missing character: There is no ‚ in font cmr10!
Missing character: There is no Ä in font cmr10!
Missing character: There is no ô in font cmr10!
Missing character: There is no ‚ in font cmr10!
Missing character: There is no Ä in font cmr10!
Missing character: There is no ô in font cmr10!
 [61]
Missing character: There is no ‚ in font cmr10!
Missing character: There is no Ä in font cmr10!
Missing character: There is no ô in font cmr10!
 [62]
Missing character: There is no ‚ in font cmr10!
Missing character: There is no Ä in font cmr10!
Missing character: There is no ú in font cmr10!
Missing character: There is no ‚ in font cmr10!
Missing character: There is no Ä in font cmr10!
Missing character: There is no ù in font cmr10!
Missing character: There is no ‚ in font cmr10!
Missing character: There is no Ä in font cmr10!
Missing character: There is no ú in font cmr10!
Missing character: There is no ‚ in font cmr10!
Missing character: There is no Ä in font cmr10!
Missing character: There is no ù in font cmr10!
Missing character: There is no ‚ in font cmr10!
Missing character: There is no Ä in font cmr10!
Missing character: There is no ú in font cmr10!
Missing character: There is no ‚ in font cmr10!
Missing character: There is no Ä in font cmr10!
Missing character: There is no ù in font cmr10!
Missing character: There is no ‚ in font cmr10!
Missing character: There is no Ä in font cmr10!
Missing character: There is no ô in font cmr10!
Missing character: There is no ‚ in font cmr10!
Missing character: There is no Ä in font cmr10!
Missing character: There is no ú in font cmr10!
Missing character: There is no ‚ in font cmr10!
Missing character: There is no Ä in font cmr10!
Missing character: There is no ù in font cmr10!
Missing character: There is no ‚ in font cmr10!
Missing character: There is no Ä in font cmr10!
Missing character: There is no ô in font cmr10!
Missing character: There is no ‚ in font cmr10!
Missing character: There is no Ä in font cmr10!
Missing character: There is no ì in font cmr10!
Missing character: There is no ‚ in font cmr10!
Missing character: There is no Ä in font cmr10!
Missing character: There is no ì in font cmr10!
Missing character: There is no ‚ in font cmr10!
Missing character: There is no Ä in font cmr10!
Missing character: There is no ú in font cmr10!
Missing character: There is no ‚ in font cmr10!
Missing character: There is no Ä in font cmr10!
Missing character: There is no ù in font cmr10!
Missing character: There is no √ in font cmr10!
Missing character: There is no ≠ in font cmr10!
Missing character: There is no ‚ in font cmr10!
Missing character: There is no Ä in font cmr10!
Missing character: There is no ô in font cmr10!
Missing character: There is no ‚ in font cmr10!
Missing character: There is no Ä in font cmr10!
Missing character: There is no ì in font cmr10!
 [63] [64] [65]
Missing character: There is no ‚ in font cmr10!
Missing character: There is no Ä in font cmr10!
Missing character: There is no ¢ in font cmr10!
Missing character: There is no ‚ in font cmr10!
Missing character: There is no Ä in font cmr10!
Missing character: There is no ¢ in font cmr10!
Missing character: There is no ‚ in font cmr10!
Missing character: There is no Ä in font cmr10!
Missing character: There is no ¢ in font cmr10!
Missing character: There is no ‚ in font cmr10!
Missing character: There is no Ä in font cmr10!
Missing character: There is no ì in font cmr10!
Missing character: There is no ‚ in font cmr10!
Missing character: There is no Ä in font cmr10!
Missing character: There is no ¢ in font cmr10!
Missing character: There is no ‚ in font cmr10!
Missing character: There is no Ä in font cmr10!
Missing character: There is no ì in font cmr10!
Missing character: There is no ‚ in font cmr10!
Missing character: There is no Ä in font cmr10!
Missing character: There is no ¢ in font cmr10!
Missing character: There is no ‚ in font cmr10!
Missing character: There is no Ä in font cmr10!
Missing character: There is no ¢ in font cmr10!
Missing character: There is no ‚ in font cmr10!
Missing character: There is no Ä in font cmr10!
Missing character: There is no ì in font cmr10!
Missing character: There is no ‚ in font cmr10!
Missing character: There is no Ä in font cmr10!
Missing character: There is no ¢ in font cmr10!
Missing character: There is no ‚ in font cmr10!
Missing character: There is no Ä in font cmr10!
Missing character: There is no ¢ in font cmr10!
Missing character: There is no ‚ in font cmr10!
Missing character: There is no Ä in font cmr10!
Missing character: There is no ¢ in font cmr10!
 [66]
Missing character: There is no ‚ in font cmr10!
Missing character: There is no Ä in font cmr10!
Missing character: There is no ú in font cmr10!
Missing character: There is no ‚ in font cmr10!
Missing character: There is no Ä in font cmr10!
Missing character: There is no ù in font cmr10!
Missing character: There is no ‚ in font cmr10!
Missing character: There is no Ä in font cmr10!
Missing character: There is no ú in font cmr10!
Missing character: There is no ‚ in font cmr10!
Missing character: There is no Ä in font cmr10!
Missing character: There is no ù in font cmr10!
Missing character: There is no ‚ in font cmr10!
Missing character: There is no Ä in font cmr10!
Missing character: There is no ô in font cmr10!
 [67] [68]
Chapter 4.
[69

]
Missing character: There is no ‚ in font cmr10!
Missing character: There is no Ä in font cmr10!
Missing character: There is no ô in font cmr10!
 [70] [71] [72]

Package natbib Warning: Citation `Blagojevic 2009' on page 73 undefined on inpu
t line 1504.

[73] [74] [75] [76]

Package natbib Warning: Citation `Samardzic in Doytchinov 2015' on page 77 unde
fined on input line 1536.

Missing character: There is no √ in font cmr10!
Missing character: There is no √ in font cmr10!
Missing character: There is no √ in font cmr10!
Missing character: There is no º in font cmr10!
Missing character: There is no √ in font cmr10!
Missing character: There is no º in font cmr10!
Missing character: There is no º in font cmr10!
Missing character: There is no º in font cmr10!
Missing character: There is no √ in font cmr10!
Missing character: There is no º in font cmr10!

Package natbib Warning: Citation `waves of planning 2006' on page 77 undefined 
on input line 1554.

[77]

Package natbib Warning: Citation `Vesna Cagic 2014' on page 78 undefined on inp
ut line 1563.


Package natbib Warning: Citation `Peric 2016' on page 78 undefined on input lin
e 1563.

Missing character: There is no ‚ in font cmr10!
Missing character: There is no Ä in font cmr10!
Missing character: There is no ò in font cmr10!
Missing character: There is no ‚ in font cmr10!
Missing character: There is no Ä in font cmr10!
Missing character: There is no ô in font cmr10!

Package natbib Warning: Citation `waves of planning 2006' on page 78 undefined 
on input line 1564.


Package natbib Warning: Citation `Mornings after Nedovic Budic' on page 78 unde
fined on input line 1568.


Package natbib Warning: Citation `Vujosevic Collapse of strategist thinking' on
 page 78 undefined on input line 1569.


Package natbib Warning: Citation `(Vujosevic and Nedovic 2006)' on page 78 unde
fined on input line 1570.


Package natbib Warning: Citation `adjustment of planning practice nedovic budic
 2001' on page 78 undefined on input line 1570.

[78]
Missing character: There is no √ in font cmr10!
Missing character: There is no © in font cmr10!


Package natbib Warning: Citation `from Grozdanic find references' on page 79 un
defined on input line 1590.


Package natbib Warning: Citation `(Vujosevic and Nedovic 2006)' on page 79 unde
fined on input line 1591.


Package natbib Warning: Citation `Vladina strategija za smanjenje siromastva' o
n page 79 undefined on input line 1598.

Missing character: There is no √ in font cmr10!
Missing character: There is no √ in font cmr10!
Missing character: There is no √ in font cmr10!
Missing character: There is no ∂ in font cmr10!
Missing character: There is no √ in font cmr10!
Missing character: There is no ∂ in font cmr10!
Missing character: There is no ∂ in font cmr10!
Missing character: There is no ∂ in font cmr10!
Missing character: There is no √ in font cmr10!
Missing character: There is no ∂ in font cmr10!
[79] [80] [81]

Package natbib Warning: Citation `Mornings after Nedovic Budic' on page 82 unde
fined on input line 1629.


Package natbib Warning: Citation `ref Peric 2016' on page 82 undefined on input
 line 1631.

[82]

Package natbib Warning: Citation `Vujosevic 2015 Regionalizam u Srbiji 2' on pa
ge 83 undefined on input line 1644.


Package natbib Warning: Citation `Mornings after Nedovic Budic' on page 83 unde
fined on input line 1645.


Package natbib Warning: Citation `adjustment of planning practice nedovic budic
 2001' on page 83 undefined on input line 1645.


Package natbib Warning: Citation `Peric 2016' on page 83 undefined on input lin
e 1649.


Package natbib Warning: Citation `Cagic 2014' on page 83 undefined on input lin
e 1655.


Package natbib Warning: Citation `Peric 2016' on page 83 undefined on input lin
e 1655.


Package natbib Warning: Citation `Peric 2016' on page 83 undefined on input lin
e 1656.

[83]

Package natbib Warning: Citation `ref Peric 2016' on page 84 undefined on input
 line 1660.

[84] [85] [86]
Missing character: There is no ‚ in font cmr10!
Missing character: There is no Ä in font cmr10!
Missing character: There is no ô in font cmr10!
 [87]
Missing character: There is no ‚ in font cmr10!
Missing character: There is no Ä in font cmr10!
Missing character: There is no ô in font cmr10!
 [88] [89]
Missing character: There is no ‚ in font cmr10!
Missing character: There is no Ä in font cmr10!
Missing character: There is no ô in font cmr10!
 [90]
Underfull \hbox (badness 10000) in paragraph at lines 1762--1764

 []


Underfull \hbox (badness 10000) in paragraph at lines 1776--1778

 []

[91]
Missing character: There is no Ô in font cmr10!
Missing character: There is no ¨ in font cmr10!
Missing character: There is no Å in font cmr10!
 [92]
Missing character: There is no ‚ in font cmr10!
Missing character: There is no Ä in font cmr10!
Missing character: There is no ô in font cmr10!
Missing character: There is no ‚ in font cmr10!
Missing character: There is no Ä in font cmr10!
Missing character: There is no ô in font cmr10!
Missing character: There is no Ô in font cmr10!
Missing character: There is no ¨ in font cmr10!
Missing character: There is no Ç in font cmr10!
Missing character: There is no ‚ in font cmr10!
Missing character: There is no Ä in font cmr10!
Missing character: There is no ô in font cmr10!
 [93]

Package natbib Warning: Citation `Vujosevic 2015 Regionalizam u Srbiji 2' on pa
ge 94 undefined on input line 1832.


Package natbib Warning: Citation `ref' on page 94 undefined on input line 1836.



Package natbib Warning: Citation `(Savic 2014' on page 94 undefined on input li
ne 1838.


Package natbib Warning: Citation `Samardzic in Doytchinov 2015)' on page 94 und
efined on input line 1838.


Package natbib Warning: Citation `Vanista Lazarevic in Doytchinov 2015' on page
 94 undefined on input line 1839.


Package natbib Warning: Citation `ref' on page 94 undefined on input line 1841.



Package natbib Warning: Citation `(Prodanovic Stariji i lepsi Beograd)' on page
 94 undefined on input line 1841.


Package natbib Warning: Citation `(Hirt 2009)' on page 94 undefined on input li
ne 1844.

Missing character: There is no ‚ in font cmr10!
Missing character: There is no Ä in font cmr10!
Missing character: There is no ì in font cmr10!
[94]

Package natbib Warning: Citation `(Grozdanic 2008)' on page 95 undefined on inp
ut line 1855.

Missing character: There is no ‚ in font cmr10!
Missing character: There is no Ä in font cmr10!
Missing character: There is no ò in font cmr10!
Missing character: There is no ‚ in font cmr10!
Missing character: There is no Ä in font cmr10!
Missing character: There is no ô in font cmr10!
Missing character: There is no ‚ in font cmr10!
Missing character: There is no Ä in font cmr10!
Missing character: There is no ò in font cmr10!
Missing character: There is no ‚ in font cmr10!
Missing character: There is no Ä in font cmr10!
Missing character: There is no ô in font cmr10!

Package natbib Warning: Citation `(Hirt 2009)' on page 95 undefined on input li
ne 1865.


Package natbib Warning: Citation `Grozdanic' on page 95 undefined on input line
 1866.

Missing character: There is no ‚ in font cmr10!
Missing character: There is no Ä in font cmr10!
Missing character: There is no ô in font cmr10!

Package natbib Warning: Citation `(Hirt 2009)' on page 95 undefined on input li
ne 1869.


Package natbib Warning: Citation `(Hirt 2009)' on page 95 undefined on input li
ne 1869.


Package natbib Warning: Citation `ref(Stupar 2004 isocarp)' on page 95 undefine
d on input line 1870.


Package natbib Warning: Citation `Grozdanic' on page 95 undefined on input line
 1871.


Package natbib Warning: Citation `Zekovic et al. 2015' on page 95 undefined on 
input line 1875.


Package natbib Warning: Citation `Cities in Transition 2013' on page 95 undefin
ed on input line 1879.


Package natbib Warning: Citation `Vukmirovic et al 2013' on page 95 undefined o
n input line 1880.

Missing character: There is no ƒ in font cmr10!
Missing character: There is no ç in font cmr10!

Package natbib Warning: Citation `Samardzic in Doytchinov 2015' on page 95 unde
fined on input line 1883.


Package natbib Warning: Citation `(Hirt 2009)' on page 95 undefined on input li
ne 1885.


Package natbib Warning: Citation `Vanista Lazarevic in Doytchinov 2015' on page
 95 undefined on input line 1890.

[95] [96]

Package natbib Warning: Citation `other ref Samardzic in Doytchinov 2015' on pa
ge 97 undefined on input line 1895.


Package natbib Warning: Citation `Vujovic and Petrovic 2007' on page 97 undefin
ed on input line 1895.


Package natbib Warning: Citation `Samardzic in Doytchinov 2015' on page 97 unde
fined on input line 1896.


Underfull \hbox (badness 10000) in paragraph at lines 1894--1898

 []

[97]

Package natbib Warning: Citation `Nedovic-Budic 2001' on page 98 undefined on i
nput line 1902.


Package natbib Warning: Citation `Vujovic et al. 2007' on page 98 undefined on 
input line 1904.


Package natbib Warning: Citation `(Hirt 2008)' on page 98 undefined on input li
ne 1905.

Missing character: There is no ƒ in font cmr10!
Missing character: There is no á in font cmr10!
[98]

Package natbib Warning: Citation `("Urban Incubator Belgrade" 2013)' on page 99
 undefined on input line 1921.

Missing character: There is no √ in font cmr10!
Missing character: There is no © in font cmr10!

Overfull \hbox (20.91211pt too wide) in paragraph at lines 1916--1925
\OT1/cmr/m/n/10.95 During all these years Sava-mala has been a venue with a pla
u-si-ble col-li-sion (tra-di-tional/modern;
 []

[99]
Overfull \hbox (18.66127pt too wide) in paragraph at lines 1944--1945
\OT1/cmr/m/n/10.95 night life, cre-ative clus-ter and lim-ited cit-i-zen par-ti
c-i-pa-tion gov-erned by non-governmental
 []


Package natbib Warning: Citation `Roter Blagojevic in Doytchinov 2015' on page 
100 undefined on input line 1949.


Package natbib Warning: Citation `bureau savamala' on page 100 undefined on inp
ut line 1954.


Package natbib Warning: Citation `Roter Blagojevic in Doytchinov 2015' on page 
100 undefined on input line 1955.


Package natbib Warning: Citation `Roter Blagojevic in Doytchinov 2015' on page 
100 undefined on input line 1956.


Package natbib Warning: Citation `Roter Blagojevic in Doytchinov 2015' on page 
100 undefined on input line 1959.

Missing character: There is no ‚ in font cmr10!
Missing character: There is no Ä in font cmr10!
Missing character: There is no ô in font cmr10!

Package natbib Warning: Citation `Roter Blagojevic in Doytchinov 2015' on page 
100 undefined on input line 1960.

Missing character: There is no ‚ in font cmr10!
Missing character: There is no Ä in font cmr10!
Missing character: There is no ô in font cmr10!

Package natbib Warning: Citation `Blagojevic 2009' on page 100 undefined on inp
ut line 1960.


Package natbib Warning: Citation `Bureau Savamala' on page 100 undefined on inp
ut line 1974.

Missing character: There is no √ in font cmr10!
Missing character: There is no © in font cmr10!

LaTeX Warning: Reference `Nusic' on page 100 undefined on input line 1977.


Package natbib Warning: Citation `ref and Kamenzind2' on page 100 undefined on 
input line 1985.

Missing character: There is no √ in font cmr10!
Missing character: There is no © in font cmr10!

Package natbib Warning: Citation `Zekoviƒá et al.' on page 100 undefined on inp
ut line 2003.


Package natbib Warning: Citation `2016; Cvetinovic et al.' on page 100 undefine
d on input line 2003.


Package natbib Warning: Citation `2016b)' on page 100 undefined on input line 2
003.

[100] [101] [102]

Package natbib Warning: Citation `bureau savamala' on page 103 undefined on inp
ut line 2008.

[103]

Package natbib Warning: Citation `(Grozdanic 2008)' on page 104 undefined on in
put line 2011.


Package natbib Warning: Citation `(Nedovic-Budic' on page 104 undefined on inpu
t line 2026.


Package natbib Warning: Citation `2001)' on page 104 undefined on input line 20
26.

[104]

Package natbib Warning: Citation `Vujosevic and Nedovic Budic 2006' on page 105
 undefined on input line 2041.


Package natbib Warning: Citation `(Stojkov and Dobricic 2012' on page 105 undef
ined on input line 2042.


Package natbib Warning: Citation `Arbter 2001)' on page 105 undefined on input 
line 2042.

[105]

Package natbib Warning: Citation `Stupar 2004' on page 106 undefined on input l
ine 2054.


Overfull \hbox (2.75221pt too wide) in paragraph at lines 2058--2059
[]\OT1/cmr/m/n/10.95 ESPON 2020 (Eu-ro-pean Spa-tial Plan-ning Ob-ser-va-tory N
et-work) is a pro-gramme
 []

[106]

Package natbib Warning: Citation `Vujovic and Petrovic 2007' on page 107 undefi
ned on input line 2082.


Package natbib Warning: Citation `Zakon 2003' on page 107 undefined on input li
ne 2089.


Package natbib Warning: Citation `waves of planning 2006' on page 107 undefined
 on input line 2089.


Package natbib Warning: Citation `ref' on page 107 undefined on input line 2090
.


Package natbib Warning: Citation `ref' on page 107 undefined on input line 2092
.


Package natbib Warning: Citation `Vujosevic and Nedovic Budic 2006' on page 107
 undefined on input line 2095.


Package natbib Warning: Citation `Vujovic and Petrovic 2007' on page 107 undefi
ned on input line 2097.

[107]

Package natbib Warning: Citation `(Hirt 2009)' on page 108 undefined on input l
ine 2113.

[108]

Package natbib Warning: Citation `nedovic budic 2001' on page 109 undefined on 
input line 2120.


Package natbib Warning: Citation `Vukmirovic in Doytchinov et al 2015' on page 
109 undefined on input line 2120.


Package natbib Warning: Citation `(Hirt 2009)' on page 109 undefined on input l
ine 2127.


Package natbib Warning: Citation `Vujosevic 2015 Regionalizam u Srbiji 2' on pa
ge 109 undefined on input line 2131.

Missing character: There is no ‚ in font cmr9!
Missing character: There is no Ä in font cmr9!
Missing character: There is no ô in font cmr9!

Package natbib Warning: Citation `Vujosevic and Nedovic Budic 2006' on page 109
 undefined on input line 2133.

[109]

Package natbib Warning: Citation `Stojkov and Dobricic 2012 02' on page 110 und
efined on input line 2142.


Package natbib Warning: Citation `ref Official Gazette of the City of Belgrade 
no 27/03' on page 110 undefined on input line 2151.


Package natbib Warning: Citation `Vukmirovic in Doytchinov et al 2015' on page 
110 undefined on input line 2153.


Package natbib Warning: Citation `ref' on page 110 undefined on input line 2154
.


Package natbib Warning: Citation `Grozdanic' on page 110 undefined on input lin
e 2156.


Package natbib Warning: Citation `ref' on page 110 undefined on input line 2158
.


Package natbib Warning: Citation `ref' on page 110 undefined on input line 2162
.

[110]

Package natbib Warning: Citation `Stupar 2004' on page 111 undefined on input l
ine 2168.


Overfull \hbox (16.62344pt too wide) in paragraph at lines 2170--2171
[]\OT1/cmr/m/n/10.95 Brownfield, ur-ban and nat-u-ral her-itage re-gen-er-a-tio
n and preser-va-tion (ex-industrial
 []


Overfull \hbox (3.78755pt too wide) in paragraph at lines 2173--2174
[]\OT1/cmr/m/n/10.95 numerous ar-chi-tec-tural com-pe-ti-tions (the Bel-grade m
a-rina, mul-ti-func-tional busi-
 []


Package natbib Warning: Citation `Vujosevic 2012' on page 111 undefined on inpu
t line 2190.


Package natbib Warning: Citation `Stojkov and Dobricic 2012 02' on page 111 und
efined on input line 2191.

[111]

Package natbib Warning: Citation `(Maksic 2012)' on page 112 undefined on input
 line 2202.


Package natbib Warning: Citation `Maksic 2012' on page 112 undefined on input l
ine 2213.

[112]

Package natbib Warning: Citation `adjustment of planning practice nedovic budic
 2001' on page 113 undefined on input line 2226.


Package natbib Warning: Citation `Vujosevic and Maricic 2012' on page 113 undef
ined on input line 2226.


Package natbib Warning: Citation `Vujosevic and Maricic 2012' on page 113 undef
ined on input line 2228.


Package natbib Warning: Citation `Vujosevic 2012' on page 113 undefined on inpu
t line 2231.


Package natbib Warning: Citation `(Harvey 2012)' on page 113 undefined on input
 line 2236.

Missing character: There is no ‚ in font cmr10!
Missing character: There is no Ä in font cmr10!
Missing character: There is no ô in font cmr10!

Package natbib Warning: Citation `(Bolay et al. 2005)' on page 113 undefined on
 input line 2238.


Package natbib Warning: Citation `(Djokic et al. 2007)' on page 113 undefined o
n input line 2238.


Package natbib Warning: Citation `(Ellin 1999)' on page 113 undefined on input 
line 2239.

[113]

Package natbib Warning: Citation `(Vujosevic 2010)' on page 114 undefined on in
put line 2241.


Package natbib Warning: Citation `(Djokic et al. 2007)' on page 114 undefined o
n input line 2242.


Package natbib Warning: Citation `(Vujovic and Petrovic 2007)' on page 114 unde
fined on input line 2243.


Package natbib Warning: Citation `adjustment of planning practice nedovic budic
 2001' on page 114 undefined on input line 2247.


Package natbib Warning: Citation `Lazarevic Bajec 2009' on page 114 undefined o
n input line 2247.


Package natbib Warning: Citation `Vukmirovic in Doytchinov et al 2015' on page 
114 undefined on input line 2253.


Package natbib Warning: Citation `Vukmirovic in Doytchinov et al 2015' on page 
114 undefined on input line 2258.


Package natbib Warning: Citation `Vukmirovic in Doytchinov et al 2015' on page 
114 undefined on input line 2266.

[114]

Package natbib Warning: Citation `Vukmirovic in Doytchinov et al 2015' on page 
115 undefined on input line 2280.

[115] [116]
Missing character: There is no ‚ in font cmr10!
Missing character: There is no Ä in font cmr10!
Missing character: There is no ô in font cmr10!


Package natbib Warning: Citation `Peric 2016' on page 117 undefined on input li
ne 2292.


Package natbib Warning: Citation `Zaklina document' on page 117 undefined on in
put line 2298.


Package natbib Warning: Citation `Vukmirovic in Doytchinov et al 2015' on page 
117 undefined on input line 2298.

Missing character: There is no ¬ in font cmr10!
Missing character: There is no ≤ in font cmr10!

Package natbib Warning: Citation `Vukmirovic in Doytchinov et al 2015' on page 
117 undefined on input line 2302.


Package natbib Warning: Citation `Maruna 2015' on page 117 undefined on input l
ine 2314.


Package natbib Warning: Citation `Peric 2016' on page 117 undefined on input li
ne 2314.


Package natbib Warning: Citation `Maruna 2015' on page 117 undefined on input l
ine 2315.


Package natbib Warning: Citation `Peric 2016' on page 117 undefined on input li
ne 2315.

[117] [118]

Package natbib Warning: Citation `Vukmirovic in Doytchinov et al 2015' on page 
119 undefined on input line 2318.


Package natbib Warning: Citation `Vukmirovic in Doytchinov et al 2015' on page 
119 undefined on input line 2328.


Package natbib Warning: Citation `(Urban Incubator Belgrade 2013)' on page 119 
undefined on input line 2337.


Package natbib Warning: Citation `Cvetinovic et al 2013' on page 119 undefined 
on input line 2363.


Package natbib Warning: Citation `Cvetinovic et al 2013' on page 119 undefined 
on input line 2381.

LaTeX Font Info:    Font shape `OMS/cmr/m/n' in size <9> not available
(Font)              Font shape `OMS/cmsy/m/n' tried instead on input line 2381.

[119] [120] [121]
Missing character: There is no ‚ in font cmr9!
Missing character: There is no Ä in font cmr9!
Missing character: There is no ô in font cmr9!


Package natbib Warning: Citation `(‚ÄúBureau Savamala‚Äù 2013)' on page 122 und
efined on input line 2398.

Missing character: There is no ‚ in font cmr9!
Missing character: There is no Ä in font cmr9!
Missing character: There is no ú in font cmr9!
Missing character: There is no ‚ in font cmr9!
Missing character: There is no Ä in font cmr9!
Missing character: There is no ù in font cmr9!
[122] [123]

Package natbib Warning: Citation `(Kamenzind' on page 124 undefined on input li
ne 2432.


Package natbib Warning: Citation `Interview director Goethe institute 2013)' on
 page 124 undefined on input line 2432.

Missing character: There is no ‚ in font cmr10!
Missing character: There is no Ä in font cmr10!
Missing character: There is no ô in font cmr10!
[124] [125]

Package natbib Warning: Citation `(Grozdanic)' on page 126 undefined on input l
ine 2459.

[126]
Chapter 5.

Package natbib Warning: Citation `Stojkov grad kultura politika' on page 127 un
defined on input line 2468.

Missing character: There is no ‚ in font cmr10!
Missing character: There is no Ä in font cmr10!
Missing character: There is no ô in font cmr10!
Missing character: There is no ‚ in font cmr10!
Missing character: There is no Ä in font cmr10!
Missing character: There is no ô in font cmr10!
[127

]
Missing character: There is no √ in font cmr10!
Missing character: There is no ≠ in font cmr10!
 [128]
Missing character: There is no ‚ in font cmr10!
Missing character: There is no Ä in font cmr10!
Missing character: There is no ô in font cmr10!
Missing character: There is no ‚ in font cmr10!
Missing character: There is no Ä in font cmr10!
Missing character: There is no ô in font cmr10!

Overfull \hbox (12.75932pt too wide) in paragraph at lines 2521--2580
\OT1/cmr/m/n/10.95 Being adopted to the Eu-ro-pean ad-min-is-tra-tive frame-wor
k (Of-fi-cial gazette RS 09/2014),
 []


Overfull \hbox (2.1856pt too wide) in paragraph at lines 2521--2580
\OT1/cmr/m/n/10.95 the dom-i-nance of pri-vate own-er-ship; (3) mar-ket led eco
n-omy and $[]$;
 []

[129] [130] [131] [132]
Overfull \hbox (11.39172pt too wide) in paragraph at lines 2592--2600
\OT1/cmr/m/n/10.95 where plan-ning very of-ten serve as a mech-a-nism to sup-po
rt of $[]$
 []

[133]

Package natbib Warning: Citation `(Cvetinovic et al. 2013)' on page 134 undefin
ed on input line 2641.


Package natbib Warning: Citation `("Mikser Festival" 2012)' on page 134 undefin
ed on input line 2641.

[134]
Missing character: There is no ƒ in font cmr10!
Missing character: There is no á in font cmr10!
 [135]
Missing character: There is no ‚ in font cmr10!
Missing character: There is no Ä in font cmr10!
Missing character: There is no ô in font cmr10!
Missing character: There is no ‚ in font cmr10!
Missing character: There is no Ä in font cmr10!
Missing character: There is no ô in font cmr10!
 [136] [137]
Missing character: There is no √ in font cmr10!
Missing character: There is no © in font cmr10!


Package natbib Warning: Citation `Latour 2005' on page 138 undefined on input l
ine 2726.


Package natbib Warning: Citation `Latour 2005' on page 138 undefined on input l
ine 2726.


Package natbib Warning: Citation `Latour 2005' on page 138 undefined on input l
ine 2727.

[138] [139] [140] [141] [142]

Package natbib Warning: Citation `Latour 2005' on page 143 undefined on input l
ine 2824.

[143] [144]

Package natbib Warning: Citation `Mathur' on page 145 undefined on input line 2
863.


Package natbib Warning: Citation `alternativni izvestaj' on page 145 undefined 
on input line 2891.


Package natbib Warning: Citation `Alternativni izvestaj' on page 145 undefined 
on input line 2893.


Package natbib Warning: Citation `Vujosevic 2012' on page 145 undefined on inpu
t line 2895.

Missing character: There is no ‚ in font cmr10!
Missing character: There is no Ä in font cmr10!
Missing character: There is no ô in font cmr10!
Missing character: There is no √ in font cmr10!
Missing character: There is no © in font cmr10!

Overfull \hbox (1.44537pt too wide) in paragraph at lines 2862--2920
\OT1/cmr/m/n/10.95 influence, impact-priority, power-interest, support-oppositi
on, and constructive-destructive
 []

[145] [146] [147] [148] [149]

Package natbib Warning: Citation `(Vujovic and Petrovic 2007)' on page 150 unde
fined on input line 2936.


Package natbib Warning: Citation `(Vujosevic and Maricic 2012)' on page 150 und
efined on input line 2943.

[150]

Package natbib Warning: Citation `Vujovic and Petrovic 2007' on page 151 undefi
ned on input line 2960.

[151]

Package natbib Warning: Citation `Alternativni izvestaj' on page 152 undefined 
on input line 2973.


Package natbib Warning: Citation `Vujosevic 2012' on page 152 undefined on inpu
t line 2984.

[152]

Package natbib Warning: Citation `Vujosevic 2012' on page 153 undefined on inpu
t line 2998.

[153]

Package natbib Warning: Citation `Vujosevic 2012' on page 154 undefined on inpu
t line 3015.

[154] [155]

Package natbib Warning: Citation `(Latour 2005' on page 156 undefined on input 
line 3058.


Package natbib Warning: Citation `pp.256-257)' on page 156 undefined on input l
ine 3058.

Missing character: There is no ‚ in font cmr10!
Missing character: There is no Ä in font cmr10!
Missing character: There is no ô in font cmr10!

Package natbib Warning: Citation `(Lee and Brown 1994' on page 156 undefined on
 input line 3058.


Package natbib Warning: Citation `Gad and Jensen 2010)' on page 156 undefined o
n input line 3058.


Overfull \hbox (1.44537pt too wide) in paragraph at lines 3046--3064
\OT1/cmr/m/n/10.95 influence, impact-priority, power-interest, support-oppositi
on, and constructive-destructive
 []

[156] [157]
Chapter 6.

Package natbib Warning: Citation `(Bousquet and Le Page' on page 158 undefined 
on input line 3070.


Package natbib Warning: Citation `2004)' on page 158 undefined on input line 30
70.

[158

]

Package natbib Warning: Citation `Camagni and Capello 2012' on page 159 undefin
ed on input line 3107.


Package natbib Warning: Citation `Marcus 2007' on page 159 undefined on input l
ine 3107.


Package natbib Warning: Citation `Golubovic 2007' on page 159 undefined on inpu
t line 3107.

[159]
Missing character: There is no ‚ in font cmr9!
Missing character: There is no Ä in font cmr9!
Missing character: There is no ô in font cmr9!
Missing character: There is no ‚ in font cmr10!
Missing character: There is no Ä in font cmr10!
Missing character: There is no ô in font cmr10!
 [160] [161] [162]

Package natbib Warning: Citation `Rode 2006' on page 163 undefined on input lin
e 3177.


Package natbib Warning: Citation `(Lynch and Rodwin 1958: 201)' on page 163 und
efined on input line 3177.


Package natbib Warning: Citation `Tonkiss 2014' on page 163 undefined on input 
line 3178.


Package natbib Warning: Citation `Coleman 1988' on page 163 undefined on input 
line 3180.


Package natbib Warning: Citation `Adjustments of Planning practice Nedovic budi
c 2001' on page 163 undefined on input line 3184.


Package natbib Warning: Citation `Vujosevic and Maricic 2012' on page 163 undef
ined on input line 3185.


Package natbib Warning: Citation `Mrdjenovic et al 2015' on page 163 undefined 
on input line 3185.


Package natbib Warning: Citation `Vanista Lazarevic in Doytchinov 2015' on page
 163 undefined on input line 3187.


Package natbib Warning: Citation `Vanista Lazarevic in Doytchinov 2015' on page
 163 undefined on input line 3188.


Package natbib Warning: Citation `Cvetinovic et al 2013' on page 163 undefined 
on input line 3195.


Package natbib Warning: Citation `Cvetinovic et al 2013' on page 163 undefined 
on input line 3195.


Package natbib Warning: Citation `Cvetinovic et al 2013' on page 163 undefined 
on input line 3196.

Missing character: There is no √ in font cmr10!
Missing character: There is no © in font cmr10!

Package natbib Warning: Citation `Cvetinovic et al 2013' on page 163 undefined 
on input line 3204.


Package natbib Warning: Citation `Lonely planet' on page 163 undefined on input
 line 3213.

Missing character: There is no √ in font cmr9!
Missing character: There is no © in font cmr9!

LaTeX Warning: Reference `regulation, media' on page 163 undefined on input lin
e 3217.

Missing character: There is no ‚ in font cmr10!
Missing character: There is no Ä in font cmr10!
Missing character: There is no ò in font cmr10!
Missing character: There is no ‚ in font cmr10!
Missing character: There is no Ä in font cmr10!
Missing character: There is no ô in font cmr10!
[163] [164] [165]

Package natbib Warning: Citation `Holanda 2011' on page 166 undefined on input 
line 3257.


Package natbib Warning: Citation `(Hirt 2009)' on page 166 undefined on input l
ine 3277.

[166] [167]

Package natbib Warning: Citation `Cvetinovic et al 2013' on page 168 undefined 
on input line 3299.

Missing character: There is no √ in font cmr10!
Missing character: There is no ß in font cmr10!
Missing character: There is no √ in font cmr10!
Missing character: There is no © in font cmr10!

Package natbib Warning: Citation `Hirt 2009' on page 168 undefined on input lin
e 3319.

[168] [169] [170] [171] [172]
Missing character: There is no √ in font cmbx10!
Missing character: There is no ß in font cmbx10!


Package natbib Warning: Citation `Cvetinovic et al.' on page 173 undefined on i
nput line 3368.


Package natbib Warning: Citation `2013' on page 173 undefined on input line 336
8.

Missing character: There is no ƒ in font cmr10!
Missing character: There is no á in font cmr10!
[173] [174]
Missing character: There is no ‚ in font cmr10!
Missing character: There is no Ä in font cmr10!
Missing character: There is no ì in font cmr10!
Missing character: There is no √ in font cmr10!
Missing character: There is no © in font cmr10!
Missing character: There is no √ in font cmr10!
Missing character: There is no © in font cmr10!
 [175] [176] [177]
Missing character: There is no ‚ in font cmbx10!
Missing character: There is no Ä in font cmbx10!
Missing character: There is no ô in font cmbx10!
Missing character: There is no ‚ in font cmbx10!
Missing character: There is no Ä in font cmbx10!
Missing character: There is no ô in font cmbx10!


Package natbib Warning: Citation `Hoyle 2000' on page 178 undefined on input li
ne 3503.

[178] [179] [180] [181]
Chapter 7.

Package natbib Warning: Citation `"State of the World‚Äôs Cities 2012/2013" 201
2' on page 182 undefined on input line 3551.

[182

]
Missing character: There is no ‚ in font cmr10!
Missing character: There is no Ä in font cmr10!
Missing character: There is no ô in font cmr10!
 [183]

Package natbib Warning: Citation `(Cvetinovic et al.' on page 184 undefined on 
input line 3594.


Package natbib Warning: Citation `2013)' on page 184 undefined on input line 35
94.

[184]
Missing character: There is no ‚ in font cmr10!
Missing character: There is no Ä in font cmr10!
Missing character: There is no ô in font cmr10!
Missing character: There is no ‚ in font cmr10!
Missing character: There is no Ä in font cmr10!
Missing character: There is no ô in font cmr10!
Missing character: There is no ‚ in font cmr10!
Missing character: There is no Ä in font cmr10!
Missing character: There is no ô in font cmr10!
 [185] [186] [187]
Missing character: There is no √ in font cmr10!
Missing character: There is no ß in font cmr10!
Missing character: There is no ‚ in font cmr10!
Missing character: There is no Ä in font cmr10!
Missing character: There is no ô in font cmr10!
 [188] [189] [190] [191] [192] [193]

Package natbib Warning: Citation `(M√ºller-Wieferig and Herzen' on page 194 und
efined on input line 3763.


Package natbib Warning: Citation `2013)' on page 194 undefined on input line 37
63.

Missing character: There is no ‚ in font cmr10!
Missing character: There is no Ä in font cmr10!
Missing character: There is no ô in font cmr10!
Missing character: There is no ‚ in font cmr10!
Missing character: There is no Ä in font cmr10!
Missing character: There is no ô in font cmr10!

Package natbib Warning: Citation `(Harvey' on page 194 undefined on input line 
3782.


Package natbib Warning: Citation `2003)' on page 194 undefined on input line 37
82.

[194] [195] [196] [197]
Missing character: There is no √ in font cmr10!
Missing character: There is no ß in font cmr10!
Missing character: There is no √ in font cmr10!
Missing character: There is no ß in font cmr10!
 [198] [199] [200]

Package natbib Warning: Citation `√áarik√ßi et al.2009' on page 201 undefined o
n input line 3881.


Package natbib Warning: Citation `√áarik√ßi et al.2009' on page 201 undefined o
n input line 3882.

Missing character: There is no √ in font cmr10!
Missing character: There is no á in font cmr10!
Missing character: There is no √ in font cmr10!
Missing character: There is no á in font cmr10!
Missing character: There is no á in font cmr10!
Missing character: There is no á in font cmr10!
Missing character: There is no √ in font cmr10!
Missing character: There is no √ in font cmr10!
Missing character: There is no √ in font cmr10!
Missing character: There is no ß in font cmr10!
Missing character: There is no √ in font cmr10!
Missing character: There is no ß in font cmr10!
Missing character: There is no ß in font cmr10!
Missing character: There is no ß in font cmr10!
Missing character: There is no √ in font cmr10!
Missing character: There is no á in font cmr10!
Missing character: There is no √ in font cmr10!
Missing character: There is no ß in font cmr10!
[201] [202]

Package natbib Warning: Citation `Volic et al' on page 203 undefined on input l
ine 3927.


Package natbib Warning: Citation `2012' on page 203 undefined on input line 392
7.

[203]
Missing character: There is no ‚ in font cmr10!
Missing character: There is no Ä in font cmr10!
Missing character: There is no ô in font cmr10!
 [204]
Missing character: There is no ‚ in font cmbx10!
Missing character: There is no Ä in font cmbx10!
Missing character: There is no ò in font cmbx10!
Missing character: There is no ‚ in font cmbx10!
Missing character: There is no Ä in font cmbx10!
Missing character: There is no ô in font cmbx10!


Package natbib Warning: Citation `Volic et al' on page 205 undefined on input l
ine 3958.


Package natbib Warning: Citation `2012' on page 205 undefined on input line 395
8.


Package natbib Warning: Citation `Braudel 1970' on page 205 undefined on input 
line 3968.

[205] [206] [207]
Chapter 8.
[208

]
Missing character: There is no ƒ in font cmr10!
Missing character: There is no á in font cmr10!
Missing character: There is no ƒ in font cmr10!
Missing character: There is no á in font cmr10!
Missing character: There is no ‚ in font cmr10!
Missing character: There is no Ä in font cmr10!
Missing character: There is no ú in font cmr10!
Missing character: There is no ‚ in font cmr10!
Missing character: There is no Ä in font cmr10!
Missing character: There is no ù in font cmr10!
Missing character: There is no ‚ in font cmr10!
Missing character: There is no Ä in font cmr10!
Missing character: There is no ì in font cmr10!
Missing character: There is no ‚ in font cmr10!
Missing character: There is no Ä in font cmr10!
Missing character: There is no ¢ in font cmr10!
Missing character: There is no ‚ in font cmr10!
Missing character: There is no Ä in font cmr10!
Missing character: There is no ¢ in font cmr10!
Missing character: There is no ‚ in font cmr10!
Missing character: There is no Ä in font cmr10!
Missing character: There is no ô in font cmr10!
Missing character: There is no ‚ in font cmr10!
Missing character: There is no Ä in font cmr10!
Missing character: There is no ô in font cmr10!
Missing character: There is no ‚ in font cmr10!
Missing character: There is no Ä in font cmr10!
Missing character: There is no ô in font cmr10!
Missing character: There is no ‚ in font cmr10!
Missing character: There is no Ä in font cmr10!
Missing character: There is no ¢ in font cmr10!
Missing character: There is no ‚ in font cmr10!
Missing character: There is no Ä in font cmr10!
Missing character: There is no ú in font cmr10!
Missing character: There is no ‚ in font cmr10!
Missing character: There is no Ä in font cmr10!
Missing character: There is no ù in font cmr10!
Missing character: There is no Ô in font cmr10!
Missing character: There is no ¨ in font cmr10!
Missing character: There is no Ç in font cmr10!
Missing character: There is no ‚ in font cmr10!
Missing character: There is no Ä in font cmr10!
Missing character: There is no ì in font cmr10!
Missing character: There is no Ô in font cmr10!
Missing character: There is no ¨ in font cmr10!
Missing character: There is no Å in font cmr10!
Missing character: There is no Ô in font cmr10!
Missing character: There is no ¨ in font cmr10!
Missing character: There is no Å in font cmr10!
 [209] [210]
Missing character: There is no ‚ in font cmr10!
Missing character: There is no Ä in font cmr10!
Missing character: There is no û in font cmr10!
Missing character: There is no ‚ in font cmr10!
Missing character: There is no Ä in font cmr10!
Missing character: There is no ü in font cmr10!
Missing character: There is no ‚ in font cmr10!
Missing character: There is no Ä in font cmr10!
Missing character: There is no ò in font cmr10!
Missing character: There is no ‚ in font cmr10!
Missing character: There is no Ä in font cmr10!
Missing character: There is no ô in font cmr10!
 [211]
Missing character: There is no ‚ in font cmr10!
Missing character: There is no Ä in font cmr10!
Missing character: There is no ¢ in font cmr10!
Missing character: There is no ‚ in font cmr10!
Missing character: There is no Ä in font cmr10!
Missing character: There is no ¢ in font cmr10!
Missing character: There is no ‚ in font cmr10!
Missing character: There is no Ä in font cmr10!
Missing character: There is no ú in font cmr10!
Missing character: There is no ‚ in font cmr10!
Missing character: There is no Ä in font cmr10!
Missing character: There is no ù in font cmr10!
 [212]
Missing character: There is no Ô in font cmr10!
Missing character: There is no ¨ in font cmr10!
Missing character: There is no Ç in font cmr10!
Missing character: There is no Ô in font cmr10!
Missing character: There is no ¨ in font cmr10!
Missing character: There is no Å in font cmr10!
Missing character: There is no ‚ in font cmr10!
Missing character: There is no Ä in font cmr10!
Missing character: There is no ¢ in font cmr10!
 [213]
Missing character: There is no ‚ in font cmr10!
Missing character: There is no Ä in font cmr10!
Missing character: There is no ¢ in font cmr10!
Missing character: There is no ‚ in font cmr10!
Missing character: There is no Ä in font cmr10!
Missing character: There is no ú in font cmr10!
Missing character: There is no ‚ in font cmr10!
Missing character: There is no Ä in font cmr10!
Missing character: There is no ù in font cmr10!
Missing character: There is no ‚ in font cmr10!
Missing character: There is no Ä in font cmr10!
Missing character: There is no ú in font cmr10!
Missing character: There is no ‚ in font cmr10!
Missing character: There is no Ä in font cmr10!
Missing character: There is no ù in font cmr10!
 [214] [215]
Missing character: There is no ‚ in font cmr10!
Missing character: There is no Ä in font cmr10!
Missing character: There is no ¢ in font cmr10!
Missing character: There is no ‚ in font cmr10!
Missing character: There is no Ä in font cmr10!
Missing character: There is no ¢ in font cmr10!
Missing character: There is no ‚ in font cmr10!
Missing character: There is no Ä in font cmr10!
Missing character: There is no ¢ in font cmr10!
 [216] [217]
Appendix A.
[218

]
Appendix B.
[219

]
Appendix C.
[220

]
Appendix D.
No file "thesis outline".bbl.
[221

]

Package natbib Warning: There were undefined citations.

\Changes@OutFile=\write6
("thesis outline.aux")

LaTeX Warning: There were undefined references.

 ) 
Here is how much of TeX's memory you used:
 4460 strings out of 493698
 61096 string characters out of 3141985
 195681 words of memory out of 3000000
 7709 multiletter control sequences out of 15000+200000
 12866 words of font info for 46 fonts, out of 3000000 for 9000
 1025 hyphenation exceptions out of 8191
 32i,8n,39p,1901b,357s stack positions out of 5000i,500n,10000p,200000b,50000s
<C:/Program Files (x86)/MiKTeX 2.9/fonts/type1/public/amsfonts/cm/cmbx10.pfb>
<C:/Program Files (x86)/MiKTeX 2.9/fonts/type1/public/amsfonts/cm/cmbx12.pfb><C
:/Program Files (x86)/MiKTeX 2.9/fonts/type1/public/amsfonts/cm/cmbx9.pfb><C:/P
rogram Files (x86)/MiKTeX 2.9/fonts/type1/public/amsfonts/cm/cmcsc10.pfb><C:/Pr
ogram Files (x86)/MiKTeX 2.9/fonts/type1/public/amsfonts/cm/cmr10.pfb><C:/Progr
am Files (x86)/MiKTeX 2.9/fonts/type1/public/amsfonts/cm/cmr12.pfb><C:/Program 
Files (x86)/MiKTeX 2.9/fonts/type1/public/amsfonts/cm/cmr17.pfb><C:/Program Fil
es (x86)/MiKTeX 2.9/fonts/type1/public/amsfonts/cm/cmr6.pfb><C:/Program Files (
x86)/MiKTeX 2.9/fonts/type1/public/amsfonts/cm/cmr8.pfb><C:/Program Files (x86)
/MiKTeX 2.9/fonts/type1/public/amsfonts/cm/cmr9.pfb><C:/Program Files (x86)/MiK
TeX 2.9/fonts/type1/public/amsfonts/cm/cmsy10.pfb><C:/Program Files (x86)/MiKTe
X 2.9/fonts/type1/public/amsfonts/cm/cmsy9.pfb><C:/Program Files (x86)/MiKTeX 2
.9/fonts/type1/public/amsfonts/cm/cmti10.pfb><C:/Program Files (x86)/MiKTeX 2.9
/fonts/type1/public/amsfonts/cm/cmti9.pfb>
Output written on "thesis outline.pdf" (233 pages, 1037428 bytes).
PDF statistics:
 806 PDF objects out of 1000 (max. 8388607)
 0 named destinations out of 1000 (max. 500000)
 1 words of extra memory for PDF output out of 10000 (max. 10000000)

